
           ####      G N O M              Version 5.0 (r8972)      ####
                                               Thu Jan 18 16:01:26 2018

           ####      Configuration                                 ####

    System Type:                   arbitrary monodisperse (job = 0)
    Minimum characteristic size:         0.0000
    Maximum characteristic size:        50.0000
    rad56:                               0.0000
    Force 0.0 at r = rmin:                  yes
    Force 0.0 at r = rmax:                  yes
    Initial alpha:                       1.0035
    Initial random seed:    7139125050589956034
    Points in real space:                   256

    Input  1:                      /Users/tgrant/software/denss/6lyz.dat
    First data point used:                    1
    Last data point used:                  1001
    Scaling coefficient:             0.1000E+01
    Experimental setup:            point collimation


           ####      Results                                       ####

    Parameter    DISCRP  OSCILL  STABIL  SYSDEV  POSITV  VALCEN  SMOOTH
    Weight        1.000   3.000   3.000   3.000   1.000   1.000   2.000
    Sigma         0.300   0.600   0.120   0.120   0.120   0.120   0.600
    Ideal         0.700   1.100   0.000   1.000   1.000   0.950   0.000
    Current       0.006   1.453   0.000   0.322   1.000   0.919   0.008
               --------------------------------------------------------
    Estimate      0.005   0.708   1.000   0.000   1.000   0.935   1.000

    Angular range:                       0.0000 to       1.0000
    Reciprocal space Rg:             0.1408E+02
    Reciprocal space I(0):           0.6852E+08

    Real space range:                    0.0000 to      50.0000
    Real space Rg:                   0.1429E+02 +-   0.3448E-01
    Real space I(0):                 0.6852E+08 +-   0.1279E+05

    Highest ALPHA (theor):           0.8023E+05
    Current ALPHA:                   0.1004E+01

    Total Estimate:                      0.6474 (a REASONABLE solution)



           ####      Experimental Data and Fit                     ####

      S          J EXP       ERROR       J REG       I REG

   0.000000E+00   0.685171E+08   0.143886E+05   0.685176E+08   0.685176E+08
   0.100000E-02   0.685127E+08   0.226092E+05   0.685127E+08   0.685127E+08
   0.200000E-02   0.684990E+08   0.339070E+05   0.684987E+08   0.684987E+08
   0.300000E-02   0.684756E+08   0.493024E+05   0.684754E+08   0.684754E+08
   0.400000E-02   0.684429E+08   0.615986E+05   0.684428E+08   0.684428E+08
   0.500000E-02   0.684009E+08   0.738730E+05   0.684009E+08   0.684009E+08
   0.600000E-02   0.683498E+08   0.717673E+05   0.683497E+08   0.683497E+08
   0.700000E-02   0.682893E+08   0.819471E+05   0.682893E+08   0.682893E+08
   0.800000E-02   0.682195E+08   0.110516E+06   0.682196E+08   0.682196E+08
   0.900000E-02   0.681406E+08   0.132874E+06   0.681407E+08   0.681407E+08
   0.100000E-01   0.680527E+08   0.134744E+06   0.680527E+08   0.680527E+08
   0.110000E-01   0.679557E+08   0.134552E+06   0.679554E+08   0.679554E+08
   0.120000E-01   0.678493E+08   0.198459E+06   0.678491E+08   0.678491E+08
   0.130000E-01   0.677340E+08   0.213362E+06   0.677337E+08   0.677337E+08
   0.140000E-01   0.676098E+08   0.197759E+06   0.676093E+08   0.676093E+08
   0.150000E-01   0.674766E+08   0.226721E+06   0.674760E+08   0.674760E+08
   0.160000E-01   0.673342E+08   0.188873E+06   0.673337E+08   0.673337E+08
   0.170000E-01   0.671833E+08   0.199534E+06   0.671825E+08   0.671825E+08
   0.180000E-01   0.670233E+08   0.229220E+06   0.670226E+08   0.670226E+08
   0.190000E-01   0.668547E+08   0.200564E+06   0.668538E+08   0.668538E+08
   0.200000E-01   0.666776E+08   0.378062E+06   0.666764E+08   0.666764E+08
   0.210000E-01   0.664916E+08   0.307191E+06   0.664904E+08   0.664904E+08
   0.220000E-01   0.662971E+08   0.228725E+06   0.662959E+08   0.662959E+08
   0.230000E-01   0.660943E+08   0.309321E+06   0.660929E+08   0.660929E+08
   0.240000E-01   0.658830E+08   0.321180E+06   0.658814E+08   0.658814E+08
   0.250000E-01   0.656634E+08   0.358522E+06   0.656617E+08   0.656617E+08
   0.260000E-01   0.654356E+08   0.371020E+06   0.654338E+08   0.654338E+08
   0.270000E-01   0.651997E+08   0.355991E+06   0.651977E+08   0.651977E+08
   0.280000E-01   0.649556E+08   0.310813E+06   0.649535E+08   0.649535E+08
   0.290000E-01   0.647037E+08   0.349400E+06   0.647014E+08   0.647014E+08
   0.300000E-01   0.644438E+08   0.329630E+06   0.644415E+08   0.644415E+08
   0.310000E-01   0.641763E+08   0.431265E+06   0.641737E+08   0.641737E+08
   0.320000E-01   0.639011E+08   0.347941E+06   0.638983E+08   0.638983E+08
   0.330000E-01   0.636184E+08   0.356899E+06   0.636154E+08   0.636154E+08
   0.340000E-01   0.633282E+08   0.332473E+06   0.633250E+08   0.633250E+08
   0.350000E-01   0.630304E+08   0.340364E+06   0.630272E+08   0.630272E+08
   0.360000E-01   0.627256E+08   0.382940E+06   0.627222E+08   0.627222E+08
   0.370000E-01   0.624136E+08   0.391333E+06   0.624101E+08   0.624101E+08
   0.380000E-01   0.620946E+08   0.435904E+06   0.620909E+08   0.620909E+08
   0.390000E-01   0.617688E+08   0.444736E+06   0.617649E+08   0.617649E+08
   0.400000E-01   0.614362E+08   0.604532E+06   0.614321E+08   0.614321E+08
   0.410000E-01   0.610969E+08   0.461892E+06   0.610926E+08   0.610926E+08
   0.420000E-01   0.607511E+08   0.391844E+06   0.607466E+08   0.607466E+08
   0.430000E-01   0.603989E+08   0.398633E+06   0.603942E+08   0.603942E+08
   0.440000E-01   0.600404E+08   0.486328E+06   0.600355E+08   0.600355E+08
   0.450000E-01   0.596758E+08   0.535292E+06   0.596707E+08   0.596707E+08
   0.460000E-01   0.593051E+08   0.627152E+06   0.592999E+08   0.592999E+08
   0.470000E-01   0.589285E+08   0.551571E+06   0.589232E+08   0.589232E+08
   0.480000E-01   0.585462E+08   0.516378E+06   0.585407E+08   0.585407E+08
   0.490000E-01   0.581584E+08   0.436188E+06   0.581526E+08   0.581526E+08
   0.500000E-01   0.577650E+08   0.662854E+06   0.577591E+08   0.577591E+08
   0.510000E-01   0.573663E+08   0.805423E+06   0.573603E+08   0.573603E+08
   0.520000E-01   0.569625E+08   0.452852E+06   0.569561E+08   0.569561E+08
   0.530000E-01   0.565534E+08   0.458082E+06   0.565470E+08   0.565470E+08
   0.540000E-01   0.561396E+08   0.509466E+06   0.561329E+08   0.561329E+08
   0.550000E-01   0.557210E+08   0.655279E+06   0.557141E+08   0.557141E+08
   0.560000E-01   0.552977E+08   0.520074E+06   0.552907E+08   0.552907E+08
   0.570000E-01   0.548698E+08   0.572841E+06   0.548627E+08   0.548627E+08
   0.580000E-01   0.544379E+08   0.722662E+06   0.544305E+08   0.544305E+08
   0.590000E-01   0.540016E+08   0.583217E+06   0.539940E+08   0.539940E+08
   0.600000E-01   0.535610E+08   0.588100E+06   0.535535E+08   0.535535E+08
   0.610000E-01   0.531170E+08   0.740982E+06   0.531091E+08   0.531091E+08
   0.620000E-01   0.526689E+08   0.796354E+06   0.526610E+08   0.526610E+08
   0.630000E-01   0.522176E+08   0.501289E+06   0.522092E+08   0.522092E+08
   0.640000E-01   0.517625E+08   0.504684E+06   0.517541E+08   0.517541E+08
   0.650000E-01   0.513040E+08   0.660283E+06   0.512956E+08   0.512956E+08
   0.660000E-01   0.508426E+08   0.562065E+06   0.508339E+08   0.508339E+08
   0.670000E-01   0.503780E+08   0.616626E+06   0.503693E+08   0.503693E+08
   0.680000E-01   0.499107E+08   0.671549E+06   0.499018E+08   0.499018E+08
   0.690000E-01   0.494408E+08   0.934432E+06   0.494317E+08   0.494317E+08
   0.700000E-01   0.489681E+08   0.573661E+06   0.489589E+08   0.489589E+08
   0.710000E-01   0.484931E+08   0.576098E+06   0.484838E+08   0.484838E+08
   0.720000E-01   0.480157E+08   0.525772E+06   0.480064E+08   0.480064E+08
   0.730000E-01   0.475365E+08   0.685951E+06   0.475269E+08   0.475269E+08
   0.740000E-01   0.470551E+08   0.846993E+06   0.470454E+08   0.470454E+08
   0.750000E-01   0.465720E+08   0.849474E+06   0.465622E+08   0.465622E+08
   0.760000E-01   0.460871E+08   0.691998E+06   0.460773E+08   0.460773E+08
   0.770000E-01   0.456007E+08   0.906999E+06   0.455908E+08   0.455908E+08
   0.780000E-01   0.451130E+08   0.588048E+06   0.451030E+08   0.451030E+08
   0.790000E-01   0.446241E+08   0.589038E+06   0.446140E+08   0.446140E+08
   0.800000E-01   0.441340E+08   0.589851E+06   0.441238E+08   0.441238E+08
   0.810000E-01   0.436431E+08   0.805215E+06   0.436328E+08   0.436328E+08
   0.820000E-01   0.431513E+08   0.644681E+06   0.431409E+08   0.431409E+08
   0.830000E-01   0.426588E+08   0.102125E+07   0.426484E+08   0.426484E+08
   0.840000E-01   0.421657E+08   0.645136E+06   0.421554E+08   0.421554E+08
   0.850000E-01   0.416725E+08   0.537575E+06   0.416619E+08   0.416619E+08
   0.860000E-01   0.411789E+08   0.752338E+06   0.411683E+08   0.411683E+08
   0.870000E-01   0.406852E+08   0.590748E+06   0.406745E+08   0.406745E+08
   0.880000E-01   0.401915E+08   0.536557E+06   0.401808E+08   0.401808E+08
   0.890000E-01   0.396981E+08   0.643109E+06   0.396872E+08   0.396872E+08
   0.900000E-01   0.392047E+08   0.802717E+06   0.391940E+08   0.391940E+08
   0.910000E-01   0.387120E+08   0.534226E+06   0.387011E+08   0.387011E+08
   0.920000E-01   0.382196E+08   0.639797E+06   0.382089E+08   0.382089E+08
   0.930000E-01   0.377281E+08   0.638360E+06   0.377172E+08   0.377172E+08
   0.940000E-01   0.372372E+08   0.636757E+06   0.372265E+08   0.372265E+08
   0.950000E-01   0.367474E+08   0.793744E+06   0.367366E+08   0.367366E+08
   0.960000E-01   0.362586E+08   0.738588E+06   0.362478E+08   0.362478E+08
   0.970000E-01   0.357710E+08   0.683583E+06   0.357602E+08   0.357602E+08
   0.980000E-01   0.352846E+08   0.523976E+06   0.352738E+08   0.352738E+08
   0.990000E-01   0.347997E+08   0.835193E+06   0.347889E+08   0.347889E+08
   0.100000E+00   0.343163E+08   0.571881E+06   0.343055E+08   0.343055E+08
   0.101000E+00   0.338345E+08   0.776502E+06   0.338237E+08   0.338237E+08
   0.102000E+00   0.333545E+08   0.927588E+06   0.333437E+08   0.333437E+08
   0.103000E+00   0.328762E+08   0.718017E+06   0.328655E+08   0.328655E+08
   0.104000E+00   0.323999E+08   0.561328E+06   0.323893E+08   0.323893E+08
   0.105000E+00   0.319258E+08   0.609145E+06   0.319152E+08   0.319152E+08
   0.106000E+00   0.314538E+08   0.807734E+06   0.314433E+08   0.314433E+08
   0.107000E+00   0.309841E+08   0.803108E+06   0.309736E+08   0.309736E+08
   0.108000E+00   0.305167E+08   0.598737E+06   0.305063E+08   0.305063E+08
   0.109000E+00   0.300517E+08   0.644610E+06   0.300414E+08   0.300414E+08
   0.110000E+00   0.295894E+08   0.640463E+06   0.295791E+08   0.295791E+08
   0.111000E+00   0.291296E+08   0.489378E+06   0.291195E+08   0.291195E+08
   0.112000E+00   0.286726E+08   0.583201E+06   0.286626E+08   0.286626E+08
   0.113000E+00   0.282185E+08   0.530790E+06   0.282085E+08   0.282085E+08
   0.114000E+00   0.277672E+08   0.622680E+06   0.277573E+08   0.277573E+08
   0.115000E+00   0.273190E+08   0.522885E+06   0.273092E+08   0.273092E+08
   0.116000E+00   0.268738E+08   0.565962E+06   0.268641E+08   0.268641E+08
   0.117000E+00   0.264318E+08   0.514627E+06   0.264221E+08   0.264221E+08
   0.118000E+00   0.259929E+08   0.510371E+06   0.259834E+08   0.259834E+08
   0.119000E+00   0.255574E+08   0.506037E+06   0.255480E+08   0.255480E+08
   0.120000E+00   0.251252E+08   0.547227E+06   0.251159E+08   0.251159E+08
   0.121000E+00   0.246966E+08   0.497142E+06   0.246873E+08   0.246873E+08
   0.122000E+00   0.242713E+08   0.626927E+06   0.242622E+08   0.242622E+08
   0.123000E+00   0.238497E+08   0.709766E+06   0.238407E+08   0.238407E+08
   0.124000E+00   0.234317E+08   0.571147E+06   0.234228E+08   0.234228E+08
   0.125000E+00   0.230172E+08   0.565533E+06   0.230086E+08   0.230086E+08
   0.126000E+00   0.226067E+08   0.602920E+06   0.225981E+08   0.225981E+08
   0.127000E+00   0.221998E+08   0.468860E+06   0.221914E+08   0.221914E+08
   0.128000E+00   0.217968E+08   0.506123E+06   0.217886E+08   0.217886E+08
   0.129000E+00   0.213979E+08   0.417258E+06   0.213897E+08   0.213897E+08
   0.130000E+00   0.210027E+08   0.536514E+06   0.209947E+08   0.209947E+08
   0.131000E+00   0.206116E+08   0.448920E+06   0.206037E+08   0.206037E+08
   0.132000E+00   0.202245E+08   0.524522E+06   0.202167E+08   0.202167E+08
   0.133000E+00   0.198414E+08   0.518457E+06   0.198338E+08   0.198338E+08
   0.134000E+00   0.194625E+08   0.394115E+06   0.194551E+08   0.194551E+08
   0.135000E+00   0.190877E+08   0.584084E+06   0.190805E+08   0.190805E+08
   0.136000E+00   0.187171E+08   0.576956E+06   0.187100E+08   0.187100E+08
   0.137000E+00   0.183508E+08   0.455833E+06   0.183438E+08   0.183438E+08
   0.138000E+00   0.179886E+08   0.375062E+06   0.179818E+08   0.179818E+08
   0.139000E+00   0.176307E+08   0.703466E+06   0.176241E+08   0.176241E+08
   0.140000E+00   0.172771E+08   0.438493E+06   0.172706E+08   0.172706E+08
   0.141000E+00   0.169279E+08   0.432677E+06   0.169215E+08   0.169215E+08
   0.142000E+00   0.165829E+08   0.569126E+06   0.165767E+08   0.165767E+08
   0.143000E+00   0.162423E+08   0.421001E+06   0.162363E+08   0.162363E+08
   0.144000E+00   0.159061E+08   0.380553E+06   0.159002E+08   0.159002E+08
   0.145000E+00   0.155743E+08   0.375184E+06   0.155686E+08   0.155686E+08
   0.146000E+00   0.152468E+08   0.537908E+06   0.152413E+08   0.152413E+08
   0.147000E+00   0.149238E+08   0.364439E+06   0.149184E+08   0.149184E+08
   0.148000E+00   0.146052E+08   0.522282E+06   0.145999E+08   0.145999E+08
   0.149000E+00   0.142910E+08   0.418011E+06   0.142858E+08   0.142858E+08
   0.150000E+00   0.139811E+08   0.380007E+06   0.139762E+08   0.139762E+08
   0.151000E+00   0.136758E+08   0.405350E+06   0.136710E+08   0.136710E+08
   0.152000E+00   0.133749E+08   0.368344E+06   0.133702E+08   0.133702E+08
   0.153000E+00   0.130784E+08   0.453165E+06   0.130738E+08   0.130738E+08
   0.154000E+00   0.127862E+08   0.475648E+06   0.127819E+08   0.127819E+08
   0.155000E+00   0.124986E+08   0.321713E+06   0.124943E+08   0.124943E+08
   0.156000E+00   0.122153E+08   0.345204E+06   0.122112E+08   0.122112E+08
   0.157000E+00   0.119364E+08   0.396051E+06   0.119325E+08   0.119325E+08
   0.158000E+00   0.116619E+08   0.278136E+06   0.116581E+08   0.116581E+08
   0.159000E+00   0.113918E+08   0.300744E+06   0.113882E+08   0.113882E+08
   0.160000E+00   0.111260E+08   0.322432E+06   0.111226E+08   0.111226E+08
   0.161000E+00   0.108647E+08   0.343215E+06   0.108613E+08   0.108613E+08
   0.162000E+00   0.106077E+08   0.337164E+06   0.106044E+08   0.106044E+08
   0.163000E+00   0.103549E+08   0.280203E+06   0.103518E+08   0.103518E+08
   0.164000E+00   0.101065E+08   0.250135E+06   0.101035E+08   0.101035E+08
   0.165000E+00   0.986226E+07   0.343798E+06   0.985946E+07   0.985946E+07
   0.166000E+00   0.962242E+07   0.241042E+06   0.961968E+07   0.961968E+07
   0.167000E+00   0.938668E+07   0.496743E+06   0.938413E+07   0.938413E+07
   0.168000E+00   0.915521E+07   0.348127E+06   0.915279E+07   0.915279E+07
   0.169000E+00   0.892796E+07   0.295962E+06   0.892563E+07   0.892563E+07
   0.170000E+00   0.870484E+07   0.267935E+06   0.870261E+07   0.870261E+07
   0.171000E+00   0.848581E+07   0.284614E+06   0.848373E+07   0.848373E+07
   0.172000E+00   0.827091E+07   0.279019E+06   0.826895E+07   0.826895E+07
   0.173000E+00   0.806007E+07   0.315552E+06   0.805822E+07   0.805822E+07
   0.174000E+00   0.785331E+07   0.206149E+06   0.785153E+07   0.785153E+07
   0.175000E+00   0.765050E+07   0.262565E+06   0.764885E+07   0.764885E+07
   0.176000E+00   0.745166E+07   0.257194E+06   0.745013E+07   0.745013E+07
   0.177000E+00   0.725680E+07   0.232508E+06   0.725535E+07   0.725535E+07
   0.178000E+00   0.706579E+07   0.208688E+06   0.706447E+07   0.706447E+07
   0.179000E+00   0.687866E+07   0.260014E+06   0.687745E+07   0.687745E+07
   0.180000E+00   0.669539E+07   0.199958E+06   0.669426E+07   0.669426E+07
   0.181000E+00   0.651596E+07   0.266828E+06   0.651486E+07   0.651486E+07
   0.182000E+00   0.634019E+07   0.174038E+06   0.633921E+07   0.633921E+07
   0.183000E+00   0.616817E+07   0.221314E+06   0.616727E+07   0.616727E+07
   0.184000E+00   0.599981E+07   0.283041E+06   0.599901E+07   0.599901E+07
   0.185000E+00   0.583512E+07   0.260480E+06   0.583438E+07   0.583438E+07
   0.186000E+00   0.567400E+07   0.175071E+06   0.567334E+07   0.567334E+07
   0.187000E+00   0.551643E+07   0.202232E+06   0.551584E+07   0.551584E+07
   0.188000E+00   0.536237E+07   0.152023E+06   0.536187E+07   0.536187E+07
   0.189000E+00   0.521182E+07   0.163391E+06   0.521136E+07   0.521136E+07
   0.190000E+00   0.506460E+07   0.174121E+06   0.506427E+07   0.506427E+07
   0.191000E+00   0.492087E+07   0.212582E+06   0.492056E+07   0.492056E+07
   0.192000E+00   0.478041E+07   0.207589E+06   0.478019E+07   0.478019E+07
   0.193000E+00   0.464332E+07   0.148633E+06   0.464311E+07   0.464311E+07
   0.194000E+00   0.450943E+07   0.131901E+06   0.450928E+07   0.450928E+07
   0.195000E+00   0.437874E+07   0.128735E+06   0.437865E+07   0.437865E+07
   0.196000E+00   0.425121E+07   0.163310E+06   0.425119E+07   0.425119E+07
   0.197000E+00   0.412682E+07   0.134823E+06   0.412684E+07   0.412684E+07
   0.198000E+00   0.400550E+07   0.119564E+06   0.400555E+07   0.400555E+07
   0.199000E+00   0.388721E+07   0.139940E+06   0.388730E+07   0.388730E+07
   0.200000E+00   0.377188E+07   0.125095E+06   0.377201E+07   0.377201E+07
   0.201000E+00   0.365951E+07   0.121971E+06   0.365967E+07   0.365967E+07
   0.202000E+00   0.354998E+07   0.129716E+06   0.355020E+07   0.355020E+07
   0.203000E+00   0.344335E+07   0.126440E+06   0.344358E+07   0.344358E+07
   0.204000E+00   0.333949E+07   0.112958E+06   0.333970E+07   0.333970E+07
   0.205000E+00   0.323839E+07   0.100066E+06   0.323868E+07   0.323868E+07
   0.206000E+00   0.313998E+07   0.146244E+06   0.314031E+07   0.314031E+07
   0.207000E+00   0.304425E+07   0.161467E+06   0.304459E+07   0.304459E+07
   0.208000E+00   0.295110E+07   0.120272E+06   0.295149E+07   0.295149E+07
   0.209000E+00   0.286059E+07   0.901086E+05   0.286095E+07   0.286095E+07
   0.210000E+00   0.277253E+07   0.122851E+06   0.277294E+07   0.277294E+07
   0.211000E+00   0.268697E+07   0.939903E+05   0.268740E+07   0.268740E+07
   0.212000E+00   0.260385E+07   0.998318E+05   0.260429E+07   0.260429E+07
   0.213000E+00   0.252310E+07   0.113388E+06   0.252357E+07   0.252357E+07
   0.214000E+00   0.244472E+07   0.102495E+06   0.244518E+07   0.244518E+07
   0.215000E+00   0.236864E+07   0.844183E+05   0.236910E+07   0.236910E+07
   0.216000E+00   0.229478E+07   0.104573E+06   0.229526E+07   0.229526E+07
   0.217000E+00   0.222318E+07   0.945072E+05   0.222363E+07   0.222363E+07
   0.218000E+00   0.215370E+07   0.848988E+05   0.215417E+07   0.215417E+07
   0.219000E+00   0.208632E+07   0.757333E+05   0.208683E+07   0.208683E+07
   0.220000E+00   0.202104E+07   0.669975E+05   0.202156E+07   0.202156E+07
   0.221000E+00   0.195783E+07   0.782350E+05   0.195832E+07   0.195832E+07
   0.222000E+00   0.189659E+07   0.761293E+05   0.189709E+07   0.189709E+07
   0.223000E+00   0.183730E+07   0.617332E+05   0.183780E+07   0.183780E+07
   0.224000E+00   0.177989E+07   0.841000E+05   0.178041E+07   0.178041E+07
   0.225000E+00   0.172442E+07   0.701493E+05   0.172490E+07   0.172490E+07
   0.226000E+00   0.167070E+07   0.682649E+05   0.167121E+07   0.167121E+07
   0.227000E+00   0.161882E+07   0.664365E+05   0.161930E+07   0.161930E+07
   0.228000E+00   0.156867E+07   0.592722E+05   0.156913E+07   0.156913E+07
   0.229000E+00   0.152019E+07   0.576914E+05   0.152067E+07   0.152067E+07
   0.230000E+00   0.147342E+07   0.663702E+05   0.147388E+07   0.147388E+07
   0.231000E+00   0.142828E+07   0.646152E+05   0.142871E+07   0.142871E+07
   0.232000E+00   0.138469E+07   0.532344E+05   0.138513E+07   0.138513E+07
   0.233000E+00   0.134268E+07   0.754046E+05   0.134310E+07   0.134310E+07
   0.234000E+00   0.130218E+07   0.504920E+05   0.130258E+07   0.130258E+07
   0.235000E+00   0.126311E+07   0.447140E+05   0.126353E+07   0.126353E+07
   0.236000E+00   0.122552E+07   0.522807E+05   0.122592E+07   0.122592E+07
   0.237000E+00   0.118933E+07   0.721804E+05   0.118971E+07   0.118971E+07
   0.238000E+00   0.115449E+07   0.579437E+05   0.115486E+07   0.115486E+07
   0.239000E+00   0.112097E+07   0.605326E+05   0.112136E+07   0.112136E+07
   0.240000E+00   0.108877E+07   0.432948E+05   0.108914E+07   0.108914E+07
   0.241000E+00   0.105785E+07   0.460798E+05   0.105819E+07   0.105819E+07
   0.242000E+00   0.102813E+07   0.449704E+05   0.102846E+07   0.102846E+07
   0.243000E+00   0.999610E+06   0.512200E+05   0.999930E+06   0.999930E+06
   0.244000E+00   0.972255E+06   0.535956E+05   0.972560E+06   0.972560E+06
   0.245000E+00   0.946024E+06   0.383991E+05   0.946320E+06   0.946320E+06
   0.246000E+00   0.920900E+06   0.409432E+05   0.921178E+06   0.921178E+06
   0.247000E+00   0.896842E+06   0.366988E+05   0.897103E+06   0.897103E+06
   0.248000E+00   0.873815E+06   0.359007E+05   0.874064E+06   0.874064E+06
   0.249000E+00   0.851785E+06   0.383303E+05   0.852031E+06   0.852031E+06
   0.250000E+00   0.830738E+06   0.344050E+05   0.830975E+06   0.830975E+06
   0.251000E+00   0.810629E+06   0.490269E+05   0.810867E+06   0.810867E+06
   0.252000E+00   0.791470E+06   0.360435E+05   0.791677E+06   0.791677E+06
   0.253000E+00   0.773187E+06   0.441876E+05   0.773377E+06   0.773377E+06
   0.254000E+00   0.755770E+06   0.317990E+05   0.755941E+06   0.755941E+06
   0.255000E+00   0.739166E+06   0.312224E+05   0.739298E+06   0.739298E+06
   0.256000E+00   0.723394E+06   0.418302E+05   0.723551E+06   0.723551E+06
   0.257000E+00   0.708395E+06   0.328979E+05   0.708544E+06   0.708544E+06
   0.258000E+00   0.694162E+06   0.350587E+05   0.694296E+06   0.694296E+06
   0.259000E+00   0.680658E+06   0.292002E+05   0.680780E+06   0.680780E+06
   0.260000E+00   0.667869E+06   0.313765E+05   0.667973E+06   0.667973E+06
   0.261000E+00   0.655735E+06   0.257704E+05   0.655850E+06   0.655850E+06
   0.262000E+00   0.644302E+06   0.305013E+05   0.644388E+06   0.644388E+06
   0.263000E+00   0.633468E+06   0.275939E+05   0.633564E+06   0.633564E+06
   0.264000E+00   0.623274E+06   0.297302E+05   0.623355E+06   0.623355E+06
   0.265000E+00   0.613666E+06   0.391764E+05   0.613740E+06   0.613740E+06
   0.266000E+00   0.604622E+06   0.242151E+05   0.604696E+06   0.604696E+06
   0.267000E+00   0.596145E+06   0.239650E+05   0.596202E+06   0.596202E+06
   0.268000E+00   0.588193E+06   0.237336E+05   0.588238E+06   0.588238E+06
   0.269000E+00   0.580735E+06   0.235198E+05   0.580784E+06   0.580784E+06
   0.270000E+00   0.573785E+06   0.279893E+05   0.573819E+06   0.573819E+06
   0.271000E+00   0.567296E+06   0.277748E+05   0.567326E+06   0.567326E+06
   0.272000E+00   0.561293E+06   0.344774E+05   0.561279E+06   0.561279E+06
   0.273000E+00   0.555676E+06   0.228383E+05   0.555674E+06   0.555674E+06
   0.274000E+00   0.550458E+06   0.317889E+05   0.550481E+06   0.550481E+06
   0.275000E+00   0.545698E+06   0.225919E+05   0.545685E+06   0.545685E+06
   0.276000E+00   0.541259E+06   0.314850E+05   0.541269E+06   0.541269E+06
   0.277000E+00   0.537225E+06   0.224023E+05   0.537218E+06   0.537218E+06
   0.278000E+00   0.533514E+06   0.245603E+05   0.533514E+06   0.533514E+06
   0.279000E+00   0.530155E+06   0.267198E+05   0.530142E+06   0.530142E+06
   0.280000E+00   0.527096E+06   0.266605E+05   0.527087E+06   0.527087E+06
   0.281000E+00   0.524339E+06   0.266155E+05   0.524333E+06   0.524333E+06
   0.282000E+00   0.521879E+06   0.287999E+05   0.521865E+06   0.521865E+06
   0.283000E+00   0.519694E+06   0.332084E+05   0.519670E+06   0.519670E+06
   0.284000E+00   0.517747E+06   0.287738E+05   0.517733E+06   0.517733E+06
   0.285000E+00   0.516067E+06   0.265671E+05   0.516041E+06   0.516041E+06
   0.286000E+00   0.514596E+06   0.243687E+05   0.514581E+06   0.514581E+06
   0.287000E+00   0.513357E+06   0.221770E+05   0.513339E+06   0.513339E+06
   0.288000E+00   0.512314E+06   0.244297E+05   0.512304E+06   0.512304E+06
   0.289000E+00   0.511487E+06   0.355995E+05   0.511461E+06   0.511461E+06
   0.290000E+00   0.510812E+06   0.245266E+05   0.510806E+06   0.510806E+06
   0.291000E+00   0.510343E+06   0.223530E+05   0.510320E+06   0.510320E+06
   0.292000E+00   0.510011E+06   0.246565E+05   0.509994E+06   0.509994E+06
   0.293000E+00   0.509850E+06   0.292297E+05   0.509817E+06   0.509817E+06
   0.294000E+00   0.509795E+06   0.225584E+05   0.509779E+06   0.509779E+06
   0.295000E+00   0.509899E+06   0.271674E+05   0.509870E+06   0.509870E+06
   0.296000E+00   0.510104E+06   0.295427E+05   0.510080E+06   0.510080E+06
   0.297000E+00   0.510414E+06   0.228155E+05   0.510400E+06   0.510400E+06
   0.298000E+00   0.510837E+06   0.252022E+05   0.510821E+06   0.510821E+06
   0.299000E+00   0.511361E+06   0.230112E+05   0.511332E+06   0.511332E+06
   0.300000E+00   0.511942E+06   0.254256E+05   0.511927E+06   0.511927E+06
   0.301000E+00   0.512624E+06   0.301885E+05   0.512597E+06   0.512597E+06
   0.302000E+00   0.513345E+06   0.303310E+05   0.513333E+06   0.513333E+06
   0.303000E+00   0.514145E+06   0.398566E+05   0.514127E+06   0.514127E+06
   0.304000E+00   0.515000E+06   0.353419E+05   0.514973E+06   0.514973E+06
   0.305000E+00   0.515879E+06   0.260468E+05   0.515863E+06   0.515863E+06
   0.306000E+00   0.516796E+06   0.309380E+05   0.516765E+06   0.516765E+06
   0.307000E+00   0.517764E+06   0.239207E+05   0.517748E+06   0.517748E+06
   0.308000E+00   0.518734E+06   0.312563E+05   0.518729E+06   0.518729E+06
   0.309000E+00   0.519739E+06   0.265846E+05   0.519728E+06   0.519728E+06
   0.310000E+00   0.520750E+06   0.437273E+05   0.520739E+06   0.520739E+06
   0.311000E+00   0.521751E+06   0.317433E+05   0.521755E+06   0.521755E+06
   0.312000E+00   0.522769E+06   0.245440E+05   0.522771E+06   0.522771E+06
   0.313000E+00   0.523774E+06   0.246698E+05   0.523782E+06   0.523782E+06
   0.314000E+00   0.524786E+06   0.297554E+05   0.524783E+06   0.524783E+06
   0.315000E+00   0.525758E+06   0.274130E+05   0.525769E+06   0.525769E+06
   0.316000E+00   0.526725E+06   0.250458E+05   0.526735E+06   0.526735E+06
   0.317000E+00   0.527670E+06   0.276869E+05   0.527677E+06   0.527677E+06
   0.318000E+00   0.528570E+06   0.252921E+05   0.528590E+06   0.528590E+06
   0.319000E+00   0.529461E+06   0.279556E+05   0.529471E+06   0.529471E+06
   0.320000E+00   0.530309E+06   0.383016E+05   0.530315E+06   0.530315E+06
   0.321000E+00   0.531108E+06   0.436093E+05   0.531118E+06   0.531118E+06
   0.322000E+00   0.531882E+06   0.386546E+05   0.531878E+06   0.531878E+06
   0.323000E+00   0.532579E+06   0.465901E+05   0.532589E+06   0.532589E+06
   0.324000E+00   0.533237E+06   0.259953E+05   0.533253E+06   0.533253E+06
   0.325000E+00   0.533843E+06   0.313259E+05   0.533862E+06   0.533862E+06
   0.326000E+00   0.534400E+06   0.262123E+05   0.534415E+06   0.534415E+06
   0.327000E+00   0.534888E+06   0.421064E+05   0.534909E+06   0.534909E+06
   0.328000E+00   0.535332E+06   0.290605E+05   0.535342E+06   0.535342E+06
   0.329000E+00   0.535693E+06   0.291685E+05   0.535711E+06   0.535711E+06
   0.330000E+00   0.536008E+06   0.345966E+05   0.536014E+06   0.536014E+06
   0.331000E+00   0.536214E+06   0.373848E+05   0.536249E+06   0.536249E+06
   0.332000E+00   0.536406E+06   0.375109E+05   0.536414E+06   0.536414E+06
   0.333000E+00   0.536498E+06   0.322543E+05   0.536508E+06   0.536508E+06
   0.334000E+00   0.536522E+06   0.350483E+05   0.536529E+06   0.536529E+06
   0.335000E+00   0.536465E+06   0.351492E+05   0.536475E+06   0.536475E+06
   0.336000E+00   0.536338E+06   0.352455E+05   0.536344E+06   0.536344E+06
   0.337000E+00   0.536124E+06   0.271815E+05   0.536137E+06   0.536137E+06
   0.338000E+00   0.535848E+06   0.381470E+05   0.535852E+06   0.535852E+06
   0.339000E+00   0.535473E+06   0.300400E+05   0.535487E+06   0.535487E+06
   0.340000E+00   0.535025E+06   0.383131E+05   0.535040E+06   0.535040E+06
   0.341000E+00   0.534492E+06   0.356453E+05   0.534516E+06   0.534516E+06
   0.342000E+00   0.533899E+06   0.384568E+05   0.533908E+06   0.533908E+06
   0.343000E+00   0.533196E+06   0.275129E+05   0.533219E+06   0.533219E+06
   0.344000E+00   0.532442E+06   0.303093E+05   0.532448E+06   0.532448E+06
   0.345000E+00   0.531586E+06   0.275893E+05   0.531593E+06   0.531593E+06
   0.346000E+00   0.530667E+06   0.386697E+05   0.530656E+06   0.530656E+06
   0.347000E+00   0.529632E+06   0.414702E+05   0.529637E+06   0.529637E+06
   0.348000E+00   0.528536E+06   0.359695E+05   0.528534E+06   0.528534E+06
   0.349000E+00   0.527356E+06   0.276862E+05   0.527349E+06   0.527349E+06
   0.350000E+00   0.526087E+06   0.304683E+05   0.526081E+06   0.526081E+06
   0.351000E+00   0.524759E+06   0.277073E+05   0.524731E+06   0.524731E+06
   0.352000E+00   0.523312E+06   0.387931E+05   0.523299E+06   0.523299E+06
   0.353000E+00   0.521798E+06   0.304782E+05   0.521785E+06   0.521785E+06
   0.354000E+00   0.520209E+06   0.304713E+05   0.520191E+06   0.520191E+06
   0.355000E+00   0.518541E+06   0.304591E+05   0.518517E+06   0.518517E+06
   0.356000E+00   0.516780E+06   0.304409E+05   0.516763E+06   0.516763E+06
   0.357000E+00   0.514947E+06   0.414790E+05   0.514915E+06   0.514915E+06
   0.358000E+00   0.513039E+06   0.331526E+05   0.513021E+06   0.513021E+06
   0.359000E+00   0.511057E+06   0.331165E+05   0.511034E+06   0.511034E+06
   0.360000E+00   0.509006E+06   0.330752E+05   0.508971E+06   0.508971E+06
   0.361000E+00   0.506862E+06   0.330272E+05   0.506833E+06   0.506833E+06
   0.362000E+00   0.504674E+06   0.274795E+05   0.504622E+06   0.504622E+06
   0.363000E+00   0.502382E+06   0.329161E+05   0.502338E+06   0.502338E+06
   0.364000E+00   0.500022E+06   0.328514E+05   0.499983E+06   0.499983E+06
   0.365000E+00   0.497588E+06   0.300493E+05   0.497557E+06   0.497557E+06
   0.366000E+00   0.495101E+06   0.408830E+05   0.495063E+06   0.495063E+06
   0.367000E+00   0.492530E+06   0.326252E+05   0.492502E+06   0.492502E+06
   0.368000E+00   0.489924E+06   0.379642E+05   0.489875E+06   0.489875E+06
   0.369000E+00   0.487247E+06   0.324507E+05   0.487184E+06   0.487184E+06
   0.370000E+00   0.484473E+06   0.323531E+05   0.484430E+06   0.484430E+06
   0.371000E+00   0.481648E+06   0.295635E+05   0.481615E+06   0.481615E+06
   0.372000E+00   0.478786E+06   0.348245E+05   0.478740E+06   0.478740E+06
   0.373000E+00   0.475850E+06   0.347038E+05   0.475807E+06   0.475807E+06
   0.374000E+00   0.472864E+06   0.372381E+05   0.472816E+06   0.472816E+06
   0.375000E+00   0.469824E+06   0.370973E+05   0.469774E+06   0.469774E+06
   0.376000E+00   0.466733E+06   0.369513E+05   0.466678E+06   0.466678E+06
   0.377000E+00   0.463579E+06   0.289134E+05   0.463530E+06   0.463530E+06
   0.378000E+00   0.460384E+06   0.444938E+05   0.460334E+06   0.460334E+06
   0.379000E+00   0.457158E+06   0.286638E+05   0.457089E+06   0.457089E+06
   0.380000E+00   0.453865E+06   0.311261E+05   0.453800E+06   0.453800E+06
   0.381000E+00   0.450525E+06   0.309781E+05   0.450467E+06   0.450467E+06
   0.382000E+00   0.447155E+06   0.333958E+05   0.447091E+06   0.447091E+06
   0.383000E+00   0.443732E+06   0.281149E+05   0.443676E+06   0.443676E+06
   0.384000E+00   0.440293E+06   0.355977E+05   0.440223E+06   0.440223E+06
   0.385000E+00   0.436791E+06   0.404643E+05   0.436734E+06   0.436734E+06
   0.386000E+00   0.433285E+06   0.326978E+05   0.433211E+06   0.433211E+06
   0.387000E+00   0.429717E+06   0.350134E+05   0.429656E+06   0.429656E+06
   0.388000E+00   0.426126E+06   0.348102E+05   0.426070E+06   0.426070E+06
   0.389000E+00   0.422503E+06   0.271881E+05   0.422457E+06   0.422457E+06
   0.390000E+00   0.418877E+06   0.245672E+05   0.418816E+06   0.418816E+06
   0.391000E+00   0.415208E+06   0.317385E+05   0.415151E+06   0.415151E+06
   0.392000E+00   0.411524E+06   0.291112E+05   0.411465E+06   0.411465E+06
   0.393000E+00   0.407810E+06   0.337422E+05   0.407758E+06   0.407758E+06
   0.394000E+00   0.404105E+06   0.263376E+05   0.404032E+06   0.404032E+06
   0.395000E+00   0.400354E+06   0.285372E+05   0.400290E+06   0.400290E+06
   0.396000E+00   0.396590E+06   0.236169E+05   0.396533E+06   0.396533E+06
   0.397000E+00   0.392818E+06   0.281415E+05   0.392763E+06   0.392763E+06
   0.398000E+00   0.389043E+06   0.279411E+05   0.388983E+06   0.388983E+06
   0.399000E+00   0.385254E+06   0.300498E+05   0.385193E+06   0.385193E+06
   0.400000E+00   0.381454E+06   0.275333E+05   0.381397E+06   0.381397E+06
   0.401000E+00   0.377643E+06   0.296034E+05   0.377596E+06   0.377596E+06
   0.402000E+00   0.373847E+06   0.248589E+05   0.373791E+06   0.373791E+06
   0.403000E+00   0.370028E+06   0.269085E+05   0.369985E+06   0.369985E+06
   0.404000E+00   0.366222E+06   0.266976E+05   0.366179E+06   0.366179E+06
   0.405000E+00   0.362415E+06   0.220711E+05   0.362376E+06   0.362376E+06
   0.406000E+00   0.358623E+06   0.306515E+05   0.358576E+06   0.358576E+06
   0.407000E+00   0.354827E+06   0.325731E+05   0.354781E+06   0.354781E+06
   0.408000E+00   0.351036E+06   0.301505E+05   0.350985E+06   0.350985E+06
   0.409000E+00   0.347253E+06   0.405765E+05   0.347217E+06   0.347217E+06
   0.410000E+00   0.343496E+06   0.254118E+05   0.343452E+06   0.343452E+06
   0.411000E+00   0.339737E+06   0.251949E+05   0.339698E+06   0.339698E+06
   0.412000E+00   0.335986E+06   0.249772E+05   0.335957E+06   0.335957E+06
   0.413000E+00   0.332267E+06   0.247605E+05   0.332233E+06   0.332233E+06
   0.414000E+00   0.328553E+06   0.265882E+05   0.328525E+06   0.328525E+06
   0.415000E+00   0.324871E+06   0.222991E+05   0.324837E+06   0.324837E+06
   0.416000E+00   0.321184E+06   0.200901E+05   0.321168E+06   0.321168E+06
   0.417000E+00   0.317540E+06   0.258827E+05   0.317521E+06   0.317521E+06
   0.418000E+00   0.313935E+06   0.256501E+05   0.313897E+06   0.313897E+06
   0.419000E+00   0.310305E+06   0.293238E+05   0.310297E+06   0.310297E+06
   0.420000E+00   0.306733E+06   0.213072E+05   0.306723E+06   0.306723E+06
   0.421000E+00   0.303196E+06   0.211115E+05   0.303176E+06   0.303176E+06
   0.422000E+00   0.299681E+06   0.190148E+05   0.299658E+06   0.299658E+06
   0.423000E+00   0.296181E+06   0.282557E+05   0.296169E+06   0.296169E+06
   0.424000E+00   0.292722E+06   0.205271E+05   0.292710E+06   0.292710E+06
   0.425000E+00   0.289293E+06   0.221830E+05   0.289282E+06   0.289282E+06
   0.426000E+00   0.285885E+06   0.292975E+05   0.285890E+06   0.285890E+06
   0.427000E+00   0.282534E+06   0.217664E+05   0.282530E+06   0.282530E+06
   0.428000E+00   0.279201E+06   0.179666E+05   0.279205E+06   0.279205E+06
   0.429000E+00   0.275925E+06   0.195769E+05   0.275917E+06   0.275917E+06
   0.430000E+00   0.272676E+06   0.246799E+05   0.272665E+06   0.272665E+06
   0.431000E+00   0.269440E+06   0.226976E+05   0.269452E+06   0.269452E+06
   0.432000E+00   0.266275E+06   0.224829E+05   0.266276E+06   0.266276E+06
   0.433000E+00   0.263132E+06   0.222689E+05   0.263140E+06   0.263140E+06
   0.434000E+00   0.260039E+06   0.237545E+05   0.260045E+06   0.260045E+06
   0.435000E+00   0.256975E+06   0.201674E+05   0.256992E+06   0.256992E+06
   0.436000E+00   0.253981E+06   0.166484E+05   0.253980E+06   0.253980E+06
   0.437000E+00   0.251002E+06   0.181399E+05   0.251010E+06   0.251010E+06
   0.438000E+00   0.248061E+06   0.179683E+05   0.248083E+06   0.248083E+06
   0.439000E+00   0.245182E+06   0.194184E+05   0.245200E+06   0.245200E+06
   0.440000E+00   0.242341E+06   0.176339E+05   0.242361E+06   0.242361E+06
   0.441000E+00   0.239549E+06   0.206467E+05   0.239567E+06   0.239567E+06
   0.442000E+00   0.236804E+06   0.157356E+05   0.236816E+06   0.236816E+06
   0.443000E+00   0.234102E+06   0.187094E+05   0.234114E+06   0.234114E+06
   0.444000E+00   0.231449E+06   0.200840E+05   0.231456E+06   0.231456E+06
   0.445000E+00   0.228817E+06   0.229618E+05   0.228844E+06   0.228844E+06
   0.446000E+00   0.226246E+06   0.182038E+05   0.226279E+06   0.226279E+06
   0.447000E+00   0.223736E+06   0.225526E+05   0.223761E+06   0.223761E+06
   0.448000E+00   0.221256E+06   0.149016E+05   0.221289E+06   0.221289E+06
   0.449000E+00   0.218841E+06   0.177261E+05   0.218865E+06   0.218865E+06
   0.450000E+00   0.216473E+06   0.219666E+05   0.216488E+06   0.216488E+06
   0.451000E+00   0.214130E+06   0.174216E+05   0.214158E+06   0.214158E+06
   0.452000E+00   0.211853E+06   0.230326E+05   0.211876E+06   0.211876E+06
   0.453000E+00   0.209611E+06   0.214117E+05   0.209642E+06   0.209642E+06
   0.454000E+00   0.207426E+06   0.212352E+05   0.207454E+06   0.207454E+06
   0.455000E+00   0.205291E+06   0.238712E+05   0.205315E+06   0.205315E+06
   0.456000E+00   0.203195E+06   0.222864E+05   0.203222E+06   0.203222E+06
   0.457000E+00   0.201154E+06   0.179651E+05   0.201177E+06   0.201177E+06
   0.458000E+00   0.199150E+06   0.150826E+05   0.199173E+06   0.199173E+06
   0.459000E+00   0.197193E+06   0.163276E+05   0.197220E+06   0.197220E+06
   0.460000E+00   0.195308E+06   0.175572E+05   0.195318E+06   0.195318E+06
   0.461000E+00   0.193431E+06   0.187667E+05   0.193467E+06   0.193467E+06
   0.462000E+00   0.191634E+06   0.146399E+05   0.191655E+06   0.191655E+06
   0.463000E+00   0.189868E+06   0.158578E+05   0.189890E+06   0.189890E+06
   0.464000E+00   0.188139E+06   0.183718E+05   0.188170E+06   0.188170E+06
   0.465000E+00   0.186474E+06   0.130345E+05   0.186496E+06   0.186496E+06
   0.466000E+00   0.184844E+06   0.155380E+05   0.184867E+06   0.184867E+06
   0.467000E+00   0.183247E+06   0.154367E+05   0.183282E+06   0.183282E+06
   0.468000E+00   0.181726E+06   0.204551E+05   0.181741E+06   0.181741E+06
   0.469000E+00   0.180217E+06   0.165169E+05   0.180244E+06   0.180244E+06
   0.470000E+00   0.178761E+06   0.138924E+05   0.178791E+06   0.178791E+06
   0.471000E+00   0.177352E+06   0.150678E+05   0.177380E+06   0.177380E+06
   0.472000E+00   0.175987E+06   0.187294E+05   0.176011E+06   0.176011E+06
   0.473000E+00   0.174670E+06   0.149029E+05   0.174685E+06   0.174685E+06
   0.474000E+00   0.173368E+06   0.148230E+05   0.173400E+06   0.173400E+06
   0.475000E+00   0.172127E+06   0.147478E+05   0.172155E+06   0.172155E+06
   0.476000E+00   0.170940E+06   0.207923E+05   0.170950E+06   0.170950E+06
   0.477000E+00   0.169757E+06   0.170402E+05   0.169785E+06   0.169785E+06
   0.478000E+00   0.168635E+06   0.193862E+05   0.168659E+06   0.168659E+06
   0.479000E+00   0.167561E+06   0.132709E+05   0.167572E+06   0.167572E+06
   0.480000E+00   0.166500E+06   0.216233E+05   0.166521E+06   0.166521E+06
   0.481000E+00   0.165511E+06   0.143597E+05   0.165508E+06   0.165508E+06
   0.482000E+00   0.164513E+06   0.154946E+05   0.164532E+06   0.164532E+06
   0.483000E+00   0.163570E+06   0.154377E+05   0.163591E+06   0.163591E+06
   0.484000E+00   0.162669E+06   0.142010E+05   0.162682E+06   0.162682E+06
   0.485000E+00   0.161796E+06   0.153334E+05   0.161811E+06   0.161811E+06
   0.486000E+00   0.160969E+06   0.164623E+05   0.160975E+06   0.160975E+06
   0.487000E+00   0.160166E+06   0.128966E+05   0.160170E+06   0.160170E+06
   0.488000E+00   0.159381E+06   0.187049E+05   0.159398E+06   0.159398E+06
   0.489000E+00   0.158637E+06   0.174897E+05   0.158657E+06   0.158657E+06
   0.490000E+00   0.157931E+06   0.186105E+05   0.157947E+06   0.157947E+06
   0.491000E+00   0.157263E+06   0.116060E+05   0.157266E+06   0.157266E+06
   0.492000E+00   0.156605E+06   0.150553E+05   0.156616E+06   0.156616E+06
   0.493000E+00   0.155986E+06   0.115586E+05   0.155993E+06   0.155993E+06
   0.494000E+00   0.155395E+06   0.126919E+05   0.155400E+06   0.155400E+06
   0.495000E+00   0.154822E+06   0.115188E+05   0.154833E+06   0.154833E+06
   0.496000E+00   0.154292E+06   0.161035E+05   0.154293E+06   0.154293E+06
   0.497000E+00   0.153774E+06   0.114869E+05   0.153777E+06   0.153777E+06
   0.498000E+00   0.153291E+06   0.149160E+05   0.153289E+06   0.153289E+06
   0.499000E+00   0.152819E+06   0.160460E+05   0.152823E+06   0.152823E+06
   0.500000E+00   0.152383E+06   0.206129E+05   0.152381E+06   0.152381E+06
   0.501000E+00   0.151949E+06   0.125859E+05   0.151963E+06   0.151963E+06
   0.502000E+00   0.151564E+06   0.182968E+05   0.151567E+06   0.151567E+06
   0.503000E+00   0.151199E+06   0.160029E+05   0.151191E+06   0.151191E+06
   0.504000E+00   0.150830E+06   0.125679E+05   0.150837E+06   0.150837E+06
   0.505000E+00   0.150502E+06   0.137077E+05   0.150503E+06   0.150503E+06
   0.506000E+00   0.150178E+06   0.137053E+05   0.150188E+06   0.150188E+06
   0.507000E+00   0.149891E+06   0.171326E+05   0.149892E+06   0.149892E+06
   0.508000E+00   0.149610E+06   0.137072E+05   0.149613E+06   0.149613E+06
   0.509000E+00   0.149353E+06   0.125681E+05   0.149341E+06   0.149341E+06
   0.510000E+00   0.149118E+06   0.137159E+05   0.149102E+06   0.149102E+06
   0.511000E+00   0.148886E+06   0.160082E+05   0.148868E+06   0.148868E+06
   0.512000E+00   0.148674E+06   0.205929E+05   0.148667E+06   0.148667E+06
   0.513000E+00   0.148461E+06   0.194588E+05   0.148468E+06   0.148468E+06
   0.514000E+00   0.148282E+06   0.183277E+05   0.148284E+06   0.148284E+06
   0.515000E+00   0.148106E+06   0.114634E+05   0.148113E+06   0.148113E+06
   0.516000E+00   0.147954E+06   0.137686E+05   0.147955E+06   0.147955E+06
   0.517000E+00   0.147808E+06   0.172270E+05   0.147809E+06   0.147809E+06
   0.518000E+00   0.147670E+06   0.126458E+05   0.147674E+06   0.147674E+06
   0.519000E+00   0.147548E+06   0.172632E+05   0.147551E+06   0.147551E+06
   0.520000E+00   0.147434E+06   0.138263E+05   0.147438E+06   0.147438E+06
   0.521000E+00   0.147339E+06   0.115367E+05   0.147335E+06   0.147335E+06
   0.522000E+00   0.147233E+06   0.115504E+05   0.147241E+06   0.147241E+06
   0.523000E+00   0.147167E+06   0.150375E+05   0.147155E+06   0.147155E+06
   0.524000E+00   0.147086E+06   0.115830E+05   0.147079E+06   0.147079E+06
   0.525000E+00   0.147015E+06   0.150793E+05   0.147010E+06   0.147010E+06
   0.526000E+00   0.146946E+06   0.116161E+05   0.146948E+06   0.146948E+06
   0.527000E+00   0.146899E+06   0.209420E+05   0.146892E+06   0.146892E+06
   0.528000E+00   0.146844E+06   0.128173E+05   0.146844E+06   0.146844E+06
   0.529000E+00   0.146795E+06   0.198394E+05   0.146800E+06   0.146800E+06
   0.530000E+00   0.146768E+06   0.140281E+05   0.146762E+06   0.146762E+06
   0.531000E+00   0.146734E+06   0.128803E+05   0.146729E+06   0.146729E+06
   0.532000E+00   0.146699E+06   0.140743E+05   0.146699E+06   0.146699E+06
   0.533000E+00   0.146673E+06   0.164479E+05   0.146675E+06   0.146675E+06
   0.534000E+00   0.146639E+06   0.176516E+05   0.146653E+06   0.146653E+06
   0.535000E+00   0.146631E+06   0.141469E+05   0.146631E+06   0.146631E+06
   0.536000E+00   0.146620E+06   0.212585E+05   0.146615E+06   0.146615E+06
   0.537000E+00   0.146603E+06   0.118309E+05   0.146605E+06   0.146605E+06
   0.538000E+00   0.146596E+06   0.118523E+05   0.146593E+06   0.146593E+06
   0.539000E+00   0.146577E+06   0.166218E+05   0.146583E+06   0.146583E+06
   0.540000E+00   0.146573E+06   0.130839E+05   0.146574E+06   0.146574E+06
   0.541000E+00   0.146566E+06   0.131074E+05   0.146566E+06   0.146566E+06
   0.542000E+00   0.146553E+06   0.131304E+05   0.146558E+06   0.146558E+06
   0.543000E+00   0.146567E+06   0.155479E+05   0.146551E+06   0.146551E+06
   0.544000E+00   0.146552E+06   0.143768E+05   0.146543E+06   0.146543E+06
   0.545000E+00   0.146535E+06   0.156015E+05   0.146536E+06   0.146536E+06
   0.546000E+00   0.146527E+06   0.168316E+05   0.146527E+06   0.146527E+06
   0.547000E+00   0.146520E+06   0.180659E+05   0.146518E+06   0.146518E+06
   0.548000E+00   0.146499E+06   0.168898E+05   0.146506E+06   0.146506E+06
   0.549000E+00   0.146500E+06   0.120862E+05   0.146495E+06   0.146495E+06
   0.550000E+00   0.146476E+06   0.181594E+05   0.146480E+06   0.146480E+06
   0.551000E+00   0.146459E+06   0.121268E+05   0.146464E+06   0.146464E+06
   0.552000E+00   0.146441E+06   0.133620E+05   0.146446E+06   0.146446E+06
   0.553000E+00   0.146411E+06   0.146001E+05   0.146425E+06   0.146425E+06
   0.554000E+00   0.146399E+06   0.134065E+05   0.146401E+06   0.146401E+06
   0.555000E+00   0.146372E+06   0.122075E+05   0.146375E+06   0.146375E+06
   0.556000E+00   0.146341E+06   0.122268E+05   0.146345E+06   0.146345E+06
   0.557000E+00   0.146314E+06   0.122465E+05   0.146312E+06   0.146312E+06
   0.558000E+00   0.146262E+06   0.122641E+05   0.146276E+06   0.146276E+06
   0.559000E+00   0.146229E+06   0.135115E+05   0.146236E+06   0.146236E+06
   0.560000E+00   0.146190E+06   0.123019E+05   0.146182E+06   0.146182E+06
   0.561000E+00   0.146148E+06   0.160163E+05   0.146139E+06   0.146139E+06
   0.562000E+00   0.146089E+06   0.148046E+05   0.146082E+06   0.146082E+06
   0.563000E+00   0.146039E+06   0.148259E+05   0.146035E+06   0.146035E+06
   0.564000E+00   0.145970E+06   0.173193E+05   0.145975E+06   0.145975E+06
   0.565000E+00   0.145902E+06   0.161032E+05   0.145909E+06   0.145909E+06
   0.566000E+00   0.145836E+06   0.198454E+05   0.145839E+06   0.145839E+06
   0.567000E+00   0.145753E+06   0.173854E+05   0.145764E+06   0.145764E+06
   0.568000E+00   0.145677E+06   0.136769E+05   0.145684E+06   0.145684E+06
   0.569000E+00   0.145592E+06   0.161825E+05   0.145599E+06   0.145599E+06
   0.570000E+00   0.145503E+06   0.149548E+05   0.145509E+06   0.145509E+06
   0.571000E+00   0.145416E+06   0.137244E+05   0.145413E+06   0.145413E+06
   0.572000E+00   0.145310E+06   0.124894E+05   0.145313E+06   0.145313E+06
   0.573000E+00   0.145211E+06   0.187540E+05   0.145206E+06   0.145206E+06
   0.574000E+00   0.145092E+06   0.150171E+05   0.145094E+06   0.145094E+06
   0.575000E+00   0.144972E+06   0.162832E+05   0.144977E+06   0.144977E+06
   0.576000E+00   0.144851E+06   0.137905E+05   0.144854E+06   0.144854E+06
   0.577000E+00   0.144716E+06   0.150563E+05   0.144725E+06   0.144725E+06
   0.578000E+00   0.144584E+06   0.150685E+05   0.144590E+06   0.144590E+06
   0.579000E+00   0.144449E+06   0.188506E+05   0.144450E+06   0.144450E+06
   0.580000E+00   0.144301E+06   0.138334E+05   0.144303E+06   0.144303E+06
   0.581000E+00   0.144158E+06   0.125850E+05   0.144151E+06   0.144151E+06
   0.582000E+00   0.143986E+06   0.188874E+05   0.143992E+06   0.143992E+06
   0.583000E+00   0.143823E+06   0.151187E+05   0.143827E+06   0.143827E+06
   0.584000E+00   0.143657E+06   0.138665E+05   0.143656E+06   0.143656E+06
   0.585000E+00   0.143485E+06   0.126123E+05   0.143479E+06   0.143479E+06
   0.586000E+00   0.143303E+06   0.201886E+05   0.143295E+06   0.143295E+06
   0.587000E+00   0.143108E+06   0.189332E+05   0.143105E+06   0.143105E+06
   0.588000E+00   0.142912E+06   0.214647E+05   0.142911E+06   0.142911E+06
   0.589000E+00   0.142713E+06   0.176822E+05   0.142708E+06   0.142708E+06
   0.590000E+00   0.142501E+06   0.138960E+05   0.142500E+06   0.142500E+06
   0.591000E+00   0.142293E+06   0.176899E+05   0.142285E+06   0.142285E+06
   0.592000E+00   0.142065E+06   0.139004E+05   0.142063E+06   0.142063E+06
   0.593000E+00   0.141842E+06   0.126381E+05   0.141836E+06   0.141836E+06
   0.594000E+00   0.141596E+06   0.164286E+05   0.141602E+06   0.141602E+06
   0.595000E+00   0.141369E+06   0.176938E+05   0.141361E+06   0.141361E+06
   0.596000E+00   0.141120E+06   0.139011E+05   0.141114E+06   0.141114E+06
   0.597000E+00   0.140870E+06   0.138997E+05   0.140861E+06   0.140861E+06
   0.598000E+00   0.140605E+06   0.164233E+05   0.140601E+06   0.140601E+06
   0.599000E+00   0.140344E+06   0.164203E+05   0.140334E+06   0.140334E+06
   0.600000E+00   0.140076E+06   0.138907E+05   0.140062E+06   0.140062E+06
   0.601000E+00   0.139793E+06   0.138856E+05   0.139783E+06   0.139783E+06
   0.602000E+00   0.139506E+06   0.126183E+05   0.139497E+06   0.139497E+06
   0.603000E+00   0.139214E+06   0.176579E+05   0.139205E+06   0.139205E+06
   0.604000E+00   0.138915E+06   0.163885E+05   0.138907E+06   0.138907E+06
   0.605000E+00   0.138613E+06   0.138599E+05   0.138602E+06   0.138602E+06
   0.606000E+00   0.138303E+06   0.138517E+05   0.138291E+06   0.138291E+06
   0.607000E+00   0.137986E+06   0.163597E+05   0.137974E+06   0.137974E+06
   0.608000E+00   0.137659E+06   0.150902E+05   0.137650E+06   0.137650E+06
   0.609000E+00   0.137331E+06   0.125658E+05   0.137320E+06   0.137320E+06
   0.610000E+00   0.136990E+06   0.188326E+05   0.136984E+06   0.136984E+06
   0.611000E+00   0.136654E+06   0.137993E+05   0.136642E+06   0.136642E+06
   0.612000E+00   0.136307E+06   0.137868E+05   0.136289E+06   0.136289E+06
   0.613000E+00   0.135960E+06   0.125219E+05   0.135939E+06   0.135939E+06
   0.614000E+00   0.135589E+06   0.212637E+05   0.135577E+06   0.135577E+06
   0.615000E+00   0.135221E+06   0.149933E+05   0.135210E+06   0.135210E+06
   0.616000E+00   0.134849E+06   0.124803E+05   0.134837E+06   0.134837E+06
   0.617000E+00   0.134477E+06   0.137127E+05   0.134458E+06   0.134458E+06
   0.618000E+00   0.134089E+06   0.199203E+05   0.134073E+06   0.134073E+06
   0.619000E+00   0.133695E+06   0.198938E+05   0.133683E+06   0.133683E+06
   0.620000E+00   0.133304E+06   0.186259E+05   0.133286E+06   0.133286E+06
   0.621000E+00   0.132893E+06   0.161186E+05   0.132884E+06   0.132884E+06
   0.622000E+00   0.132494E+06   0.136197E+05   0.132477E+06   0.132477E+06
   0.623000E+00   0.132073E+06   0.173069E+05   0.132063E+06   0.132063E+06
   0.624000E+00   0.131662E+06   0.123433E+05   0.131644E+06   0.131644E+06
   0.625000E+00   0.131231E+06   0.135549E+05   0.131220E+06   0.131220E+06
   0.626000E+00   0.130805E+06   0.172230E+05   0.130790E+06   0.130790E+06
   0.627000E+00   0.130366E+06   0.159647E+05   0.130354E+06   0.130354E+06
   0.628000E+00   0.129923E+06   0.147099E+05   0.129914E+06   0.129914E+06
   0.629000E+00   0.129479E+06   0.134594E+05   0.129468E+06   0.129468E+06
   0.630000E+00   0.129030E+06   0.134340E+05   0.129017E+06   0.129017E+06
   0.631000E+00   0.128573E+06   0.158453E+05   0.128562E+06   0.128562E+06
   0.632000E+00   0.128113E+06   0.170301E+05   0.128101E+06   0.128101E+06
   0.633000E+00   0.127645E+06   0.133529E+05   0.127636E+06   0.127636E+06
   0.634000E+00   0.127182E+06   0.121141E+05   0.127166E+06   0.127166E+06
   0.635000E+00   0.126699E+06   0.145045E+05   0.126691E+06   0.126691E+06
   0.636000E+00   0.126226E+06   0.144731E+05   0.126212E+06   0.126212E+06
   0.637000E+00   0.125737E+06   0.120330E+05   0.125730E+06   0.125730E+06
   0.638000E+00   0.125253E+06   0.132061E+05   0.125242E+06   0.125242E+06
   0.639000E+00   0.124765E+06   0.167685E+05   0.124748E+06   0.124748E+06
   0.640000E+00   0.124259E+06   0.131423E+05   0.124252E+06   0.124252E+06
   0.641000E+00   0.123765E+06   0.166859E+05   0.123751E+06   0.123751E+06
   0.642000E+00   0.123258E+06   0.154547E+05   0.123247E+06   0.123247E+06
   0.643000E+00   0.122748E+06   0.154147E+05   0.122739E+06   0.122739E+06
   0.644000E+00   0.122243E+06   0.141924E+05   0.122228E+06   0.122228E+06
   0.645000E+00   0.121721E+06   0.141537E+05   0.121713E+06   0.121713E+06
   0.646000E+00   0.121205E+06   0.164681E+05   0.121194E+06   0.121194E+06
   0.647000E+00   0.120681E+06   0.164222E+05   0.120673E+06   0.120673E+06
   0.648000E+00   0.120162E+06   0.128676E+05   0.120149E+06   0.120149E+06
   0.649000E+00   0.119622E+06   0.163284E+05   0.119621E+06   0.119621E+06
   0.650000E+00   0.119095E+06   0.127926E+05   0.119091E+06   0.119091E+06
   0.651000E+00   0.118564E+06   0.185528E+05   0.118558E+06   0.118558E+06
   0.652000E+00   0.118025E+06   0.184969E+05   0.118022E+06   0.118022E+06
   0.653000E+00   0.117487E+06   0.138306E+05   0.117484E+06   0.117484E+06
   0.654000E+00   0.116944E+06   0.137878E+05   0.116944E+06   0.116944E+06
   0.655000E+00   0.116412E+06   0.148914E+05   0.116401E+06   0.116401E+06
   0.656000E+00   0.115862E+06   0.114182E+05   0.115857E+06   0.115857E+06
   0.657000E+00   0.115312E+06   0.170720E+05   0.115310E+06   0.115310E+06
   0.658000E+00   0.114760E+06   0.136128E+05   0.114763E+06   0.114763E+06
   0.659000E+00   0.114215E+06   0.124380E+05   0.114213E+06   0.114213E+06
   0.660000E+00   0.113661E+06   0.146504E+05   0.113662E+06   0.113662E+06
   0.661000E+00   0.113115E+06   0.112323E+05   0.113110E+06   0.113110E+06
   0.662000E+00   0.112555E+06   0.145517E+05   0.112569E+06   0.112569E+06
   0.663000E+00   0.112005E+06   0.145024E+05   0.112000E+06   0.112000E+06
   0.664000E+00   0.111455E+06   0.122294E+05   0.111460E+06   0.111460E+06
   0.665000E+00   0.110894E+06   0.155097E+05   0.110892E+06   0.110892E+06
   0.666000E+00   0.110340E+06   0.121434E+05   0.110336E+06   0.110336E+06
   0.667000E+00   0.109777E+06   0.131996E+05   0.109780E+06   0.109780E+06
   0.668000E+00   0.109229E+06   0.153456E+05   0.109224E+06   0.109224E+06
   0.669000E+00   0.108670E+06   0.120134E+05   0.108667E+06   0.108667E+06
   0.670000E+00   0.108112E+06   0.108815E+05   0.108111E+06   0.108111E+06
   0.671000E+00   0.107555E+06   0.184307E+05   0.107555E+06   0.107555E+06
   0.672000E+00   0.107001E+06   0.162027E+05   0.107000E+06   0.107000E+06
   0.673000E+00   0.106448E+06   0.107619E+05   0.106446E+06   0.106446E+06
   0.674000E+00   0.105890E+06   0.150099E+05   0.105891E+06   0.105891E+06
   0.675000E+00   0.105336E+06   0.117491E+05   0.105338E+06   0.105338E+06
   0.676000E+00   0.104785E+06   0.106410E+05   0.104787E+06   0.104787E+06
   0.677000E+00   0.104231E+06   0.127203E+05   0.104236E+06   0.104236E+06
   0.678000E+00   0.103682E+06   0.116160E+05   0.103686E+06   0.103686E+06
   0.679000E+00   0.103138E+06   0.126241E+05   0.103139E+06   0.103139E+06
   0.680000E+00   0.102584E+06   0.125748E+05   0.102592E+06   0.102592E+06
   0.681000E+00   0.102042E+06   0.146145E+05   0.102049E+06   0.102049E+06
   0.682000E+00   0.101501E+06   0.155982E+05   0.101507E+06   0.101507E+06
   0.683000E+00   0.100961E+06   0.176096E+05   0.100967E+06   0.100967E+06
   0.684000E+00   0.100429E+06   0.103191E+05   0.100429E+06   0.100429E+06
   0.685000E+00   0.998953E+05   0.133630E+05   0.998944E+05   0.998944E+05
   0.686000E+00   0.993578E+05   0.112627E+05   0.993616E+05   0.993616E+05
   0.687000E+00   0.988297E+05   0.132590E+05   0.988317E+05   0.988317E+05
   0.688000E+00   0.983038E+05   0.162555E+05   0.983085E+05   0.983085E+05
   0.689000E+00   0.977844E+05   0.141690E+05   0.977846E+05   0.977846E+05
   0.690000E+00   0.972573E+05   0.110888E+05   0.972601E+05   0.972601E+05
   0.691000E+00   0.967413E+05   0.100417E+05   0.967426E+05   0.967426E+05
   0.692000E+00   0.962280E+05   0.120035E+05   0.962287E+05   0.962287E+05
   0.693000E+00   0.957079E+05   0.149448E+05   0.957177E+05   0.957177E+05
   0.694000E+00   0.952086E+05   0.129031E+05   0.952108E+05   0.952108E+05
   0.695000E+00   0.947049E+05   0.177969E+05   0.947077E+05   0.947077E+05
   0.696000E+00   0.942011E+05   0.128033E+05   0.942081E+05   0.942081E+05
   0.697000E+00   0.937022E+05   0.147159E+05   0.937124E+05   0.937124E+05
   0.698000E+00   0.932202E+05   0.117290E+05   0.932215E+05   0.932215E+05
   0.699000E+00   0.927335E+05   0.146055E+05   0.927343E+05   0.927343E+05
   0.700000E+00   0.922516E+05   0.145504E+05   0.922516E+05   0.922516E+05
   0.701000E+00   0.917725E+05   0.115964E+05   0.917740E+05   0.917740E+05
   0.702000E+00   0.913018E+05   0.125161E+05   0.912991E+05   0.912991E+05
   0.703000E+00   0.908187E+05   0.124676E+05   0.908299E+05   0.908299E+05
   0.704000E+00   0.903621E+05   0.114670E+05   0.903658E+05   0.903658E+05
   0.705000E+00   0.899049E+05   0.123772E+05   0.899053E+05   0.899053E+05
   0.706000E+00   0.894508E+05   0.123321E+05   0.894503E+05   0.894503E+05
   0.707000E+00   0.889994E+05   0.945174E+04   0.890002E+05   0.890002E+05
   0.708000E+00   0.885550E+05   0.103596E+05   0.885550E+05   0.885550E+05
   0.709000E+00   0.881128E+05   0.140760E+05   0.881151E+05   0.881151E+05
   0.710000E+00   0.876771E+05   0.102858E+05   0.876801E+05   0.876801E+05
   0.711000E+00   0.872500E+05   0.111820E+05   0.872502E+05   0.872502E+05
   0.712000E+00   0.868213E+05   0.928554E+04   0.868258E+05   0.868258E+05
   0.713000E+00   0.864055E+05   0.138810E+05   0.864210E+05   0.864210E+05
   0.714000E+00   0.859895E+05   0.138336E+05   0.859903E+05   0.859903E+05
   0.715000E+00   0.855816E+05   0.137872E+05   0.855988E+05   0.855988E+05
   0.716000E+00   0.851826E+05   0.109937E+05   0.851816E+05   0.851816E+05
   0.717000E+00   0.847780E+05   0.109567E+05   0.847841E+05   0.847841E+05
   0.718000E+00   0.843935E+05   0.100120E+05   0.843923E+05   0.843923E+05
   0.719000E+00   0.839993E+05   0.136079E+05   0.840061E+05   0.840061E+05
   0.720000E+00   0.836291E+05   0.153756E+05   0.836252E+05   0.836252E+05
   0.721000E+00   0.832485E+05   0.135237E+05   0.832501E+05   0.832501E+05
   0.722000E+00   0.828804E+05   0.107861E+05   0.828807E+05   0.828807E+05
   0.723000E+00   0.825126E+05   0.985695E+04   0.825168E+05   0.825168E+05
   0.724000E+00   0.821650E+05   0.116161E+05   0.821592E+05   0.821592E+05
   0.725000E+00   0.817990E+05   0.133619E+05   0.818062E+05   0.818062E+05
   0.726000E+00   0.814591E+05   0.977142E+04   0.814594E+05   0.814594E+05
   0.727000E+00   0.811180E+05   0.115155E+05   0.811191E+05   0.811191E+05
   0.728000E+00   0.807835E+05   0.883368E+04   0.807830E+05   0.807830E+05
   0.729000E+00   0.804556E+05   0.969087E+04   0.804531E+05   0.804531E+05
   0.730000E+00   0.801210E+05   0.149350E+05   0.801292E+05   0.801292E+05
   0.731000E+00   0.797967E+05   0.113902E+05   0.798104E+05   0.798104E+05
   0.732000E+00   0.795028E+05   0.131120E+05   0.794980E+05   0.794980E+05
   0.733000E+00   0.791912E+05   0.104627E+05   0.791911E+05   0.791911E+05
   0.734000E+00   0.788832E+05   0.956656E+04   0.788895E+05   0.788895E+05
   0.735000E+00   0.785901E+05   0.104116E+05   0.785935E+05   0.785935E+05
   0.736000E+00   0.783061E+05   0.952241E+04   0.783035E+05   0.783035E+05
   0.737000E+00   0.780171E+05   0.950014E+04   0.780185E+05   0.780185E+05
   0.738000E+00   0.777359E+05   0.861702E+04   0.777392E+05   0.777392E+05
   0.739000E+00   0.774639E+05   0.859850E+04   0.774684E+05   0.774684E+05
   0.740000E+00   0.771977E+05   0.111547E+05   0.772000E+05   0.772000E+05
   0.741000E+00   0.769336E+05   0.941899E+04   0.769340E+05   0.769340E+05
   0.742000E+00   0.766749E+05   0.111090E+05   0.766765E+05   0.766765E+05
   0.743000E+00   0.764155E+05   0.102336E+05   0.764244E+05   0.764244E+05
   0.744000E+00   0.761798E+05   0.102157E+05   0.761771E+05   0.761771E+05
   0.745000E+00   0.759283E+05   0.110453E+05   0.759353E+05   0.759353E+05
   0.746000E+00   0.756954E+05   0.932984E+04   0.756988E+05   0.756988E+05
   0.747000E+00   0.754640E+05   0.101605E+05   0.754670E+05   0.754670E+05
   0.748000E+00   0.752370E+05   0.929817E+04   0.752403E+05   0.752403E+05
   0.749000E+00   0.750185E+05   0.928353E+04   0.750191E+05   0.750191E+05
   0.750000E+00   0.747973E+05   0.101111E+05   0.748025E+05   0.748025E+05
   0.751000E+00   0.745844E+05   0.100957E+05   0.745910E+05   0.745910E+05
   0.752000E+00   0.743914E+05   0.126038E+05   0.743848E+05   0.743848E+05
   0.753000E+00   0.741758E+05   0.922821E+04   0.741821E+05   0.741821E+05
   0.754000E+00   0.739812E+05   0.921621E+04   0.739848E+05   0.739848E+05
   0.755000E+00   0.737887E+05   0.920440E+04   0.737924E+05   0.737924E+05
   0.756000E+00   0.736065E+05   0.117012E+05   0.736039E+05   0.736039E+05
   0.757000E+00   0.734126E+05   0.100164E+05   0.734204E+05   0.734204E+05
   0.758000E+00   0.732432E+05   0.917262E+04   0.732412E+05   0.732412E+05
   0.759000E+00   0.730606E+05   0.158249E+05   0.730664E+05   0.730664E+05
   0.760000E+00   0.728895E+05   0.998441E+04   0.728961E+05   0.728961E+05
   0.761000E+00   0.727308E+05   0.997576E+04   0.727299E+05   0.727299E+05
   0.762000E+00   0.725634E+05   0.913537E+04   0.725678E+05   0.725678E+05
   0.763000E+00   0.724043E+05   0.995704E+04   0.724099E+05   0.724099E+05
   0.764000E+00   0.722552E+05   0.107787E+05   0.722646E+05   0.722646E+05
   0.765000E+00   0.720998E+05   0.107695E+05   0.721041E+05   0.721041E+05
   0.766000E+00   0.719616E+05   0.124188E+05   0.719686E+05   0.719686E+05
   0.767000E+00   0.718103E+05   0.909980E+04   0.718183E+05   0.718183E+05
   0.768000E+00   0.716805E+05   0.909518E+04   0.716799E+05   0.716799E+05
   0.769000E+00   0.715365E+05   0.991496E+04   0.715454E+05   0.715454E+05
   0.770000E+00   0.714076E+05   0.990994E+04   0.714146E+05   0.714146E+05
   0.771000E+00   0.712764E+05   0.825381E+04   0.712871E+05   0.712871E+05
   0.772000E+00   0.711648E+05   0.907671E+04   0.711634E+05   0.711634E+05
   0.773000E+00   0.710281E+05   0.824637E+04   0.710430E+05   0.710430E+05
   0.774000E+00   0.709212E+05   0.123669E+05   0.709260E+05   0.709260E+05
   0.775000E+00   0.708055E+05   0.906594E+04   0.708127E+05   0.708127E+05
   0.776000E+00   0.707006E+05   0.107122E+05   0.707021E+05   0.707021E+05
   0.777000E+00   0.705898E+05   0.906161E+04   0.705950E+05   0.705950E+05
   0.778000E+00   0.704863E+05   0.115308E+05   0.704914E+05   0.704914E+05
   0.779000E+00   0.703859E+05   0.905867E+04   0.703902E+05   0.703902E+05
   0.780000E+00   0.702851E+05   0.123509E+05   0.702923E+05   0.702923E+05
   0.781000E+00   0.701930E+05   0.988036E+04   0.701975E+05   0.701975E+05
   0.782000E+00   0.701001E+05   0.123499E+05   0.701053E+05   0.701053E+05
   0.783000E+00   0.700117E+05   0.107034E+05   0.700165E+05   0.700165E+05
   0.784000E+00   0.699231E+05   0.905679E+04   0.699304E+05   0.699304E+05
   0.785000E+00   0.698402E+05   0.905758E+04   0.698468E+05   0.698468E+05
   0.786000E+00   0.697635E+05   0.148240E+05   0.697661E+05   0.697661E+05
   0.787000E+00   0.696758E+05   0.823568E+04   0.696882E+05   0.696882E+05
   0.788000E+00   0.696077E+05   0.988568E+04   0.696127E+05   0.696127E+05
   0.789000E+00   0.695384E+05   0.906434E+04   0.695399E+05   0.695399E+05
   0.790000E+00   0.694716E+05   0.989137E+04   0.694709E+05   0.694709E+05
   0.791000E+00   0.693976E+05   0.989332E+04   0.694031E+05   0.694031E+05
   0.792000E+00   0.693291E+05   0.107207E+05   0.693365E+05   0.693365E+05
   0.793000E+00   0.692687E+05   0.989989E+04   0.692737E+05   0.692737E+05
   0.794000E+00   0.692100E+05   0.107293E+05   0.692133E+05   0.692133E+05
   0.795000E+00   0.691506E+05   0.908223E+04   0.691551E+05   0.691551E+05
   0.796000E+00   0.691004E+05   0.908704E+04   0.690993E+05   0.690993E+05
   0.797000E+00   0.690426E+05   0.991728E+04   0.690458E+05   0.690458E+05
   0.798000E+00   0.689935E+05   0.124033E+05   0.689945E+05   0.689945E+05
   0.799000E+00   0.689381E+05   0.992709E+04   0.689453E+05   0.689453E+05
   0.800000E+00   0.688990E+05   0.910604E+04   0.688986E+05   0.688986E+05
   0.801000E+00   0.688523E+05   0.993951E+04   0.688540E+05   0.688540E+05
   0.802000E+00   0.688112E+05   0.132613E+05   0.688115E+05   0.688115E+05
   0.803000E+00   0.687642E+05   0.132687E+05   0.687713E+05   0.687713E+05
   0.804000E+00   0.687269E+05   0.829878E+04   0.687327E+05   0.687327E+05
   0.805000E+00   0.686951E+05   0.996629E+04   0.686965E+05   0.686965E+05
   0.806000E+00   0.686598E+05   0.831126E+04   0.686625E+05   0.686625E+05
   0.807000E+00   0.686246E+05   0.914903E+04   0.686302E+05   0.686302E+05
   0.808000E+00   0.685939E+05   0.141506E+05   0.686002E+05   0.686002E+05
   0.809000E+00   0.685659E+05   0.999692E+04   0.685721E+05   0.685721E+05
   0.810000E+00   0.685456E+05   0.917243E+04   0.685459E+05   0.685459E+05
   0.811000E+00   0.685170E+05   0.917990E+04   0.685218E+05   0.685218E+05
   0.812000E+00   0.684976E+05   0.918861E+04   0.684997E+05   0.684997E+05
   0.813000E+00   0.684786E+05   0.133780E+05   0.684794E+05   0.684794E+05
   0.814000E+00   0.684673E+05   0.100442E+05   0.684611E+05   0.684611E+05
   0.815000E+00   0.684405E+05   0.117280E+05   0.684474E+05   0.684474E+05
   0.816000E+00   0.684268E+05   0.117400E+05   0.684286E+05   0.684286E+05
   0.817000E+00   0.684221E+05   0.100745E+05   0.684203E+05   0.684203E+05
   0.818000E+00   0.684056E+05   0.126054E+05   0.684071E+05   0.684071E+05
   0.819000E+00   0.683993E+05   0.117784E+05   0.683985E+05   0.683985E+05
   0.820000E+00   0.683863E+05   0.926396E+04   0.683917E+05   0.683917E+05
   0.821000E+00   0.683914E+05   0.843266E+04   0.683868E+05   0.683868E+05
   0.822000E+00   0.683800E+05   0.101298E+05   0.683836E+05   0.683836E+05
   0.823000E+00   0.683759E+05   0.929639E+04   0.683824E+05   0.683824E+05
   0.824000E+00   0.683785E+05   0.110004E+05   0.683831E+05   0.683831E+05
   0.825000E+00   0.683840E+05   0.932006E+04   0.683856E+05   0.683856E+05
   0.826000E+00   0.683906E+05   0.118774E+05   0.683900E+05   0.683900E+05
   0.827000E+00   0.683966E+05   0.934434E+04   0.683961E+05   0.683961E+05
   0.828000E+00   0.683978E+05   0.935579E+04   0.684041E+05   0.684041E+05
   0.829000E+00   0.684120E+05   0.119242E+05   0.684141E+05   0.684141E+05
   0.830000E+00   0.684299E+05   0.127947E+05   0.684257E+05   0.684257E+05
   0.831000E+00   0.684396E+05   0.854126E+04   0.684392E+05   0.684392E+05
   0.832000E+00   0.684477E+05   0.102630E+05   0.684545E+05   0.684545E+05
   0.833000E+00   0.684688E+05   0.102785E+05   0.684715E+05   0.684715E+05
   0.834000E+00   0.684857E+05   0.120090E+05   0.684906E+05   0.684906E+05
   0.835000E+00   0.685104E+05   0.128868E+05   0.685113E+05   0.685113E+05
   0.836000E+00   0.685342E+05   0.946491E+04   0.685338E+05   0.685338E+05
   0.837000E+00   0.685617E+05   0.103418E+05   0.685581E+05   0.685581E+05
   0.838000E+00   0.685824E+05   0.103573E+05   0.685842E+05   0.685842E+05
   0.839000E+00   0.686141E+05   0.950991E+04   0.686120E+05   0.686120E+05
   0.840000E+00   0.686393E+05   0.865885E+04   0.686415E+05   0.686415E+05
   0.841000E+00   0.686738E+05   0.867350E+04   0.686731E+05   0.686731E+05
   0.842000E+00   0.687082E+05   0.868816E+04   0.687061E+05   0.687061E+05
   0.843000E+00   0.687396E+05   0.104429E+05   0.687406E+05   0.687406E+05
   0.844000E+00   0.687739E+05   0.958880E+04   0.687770E+05   0.687770E+05
   0.845000E+00   0.688127E+05   0.122253E+05   0.688152E+05   0.688152E+05
   0.846000E+00   0.688571E+05   0.874829E+04   0.688549E+05   0.688549E+05
   0.847000E+00   0.688944E+05   0.148977E+05   0.688964E+05   0.688964E+05
   0.848000E+00   0.689359E+05   0.114127E+05   0.689395E+05   0.689395E+05
   0.849000E+00   0.689819E+05   0.967471E+04   0.689841E+05   0.689841E+05
   0.850000E+00   0.690248E+05   0.969212E+04   0.690302E+05   0.690302E+05
   0.851000E+00   0.690773E+05   0.971089E+04   0.690783E+05   0.690783E+05
   0.852000E+00   0.691251E+05   0.123824E+05   0.691276E+05   0.691276E+05
   0.853000E+00   0.691779E+05   0.974786E+04   0.691786E+05   0.691786E+05
   0.854000E+00   0.692323E+05   0.115428E+05   0.692310E+05   0.692310E+05
   0.855000E+00   0.692855E+05   0.106755E+05   0.692848E+05   0.692848E+05
   0.856000E+00   0.693324E+05   0.142603E+05   0.693402E+05   0.693402E+05
   0.857000E+00   0.693916E+05   0.107168E+05   0.693969E+05   0.693969E+05
   0.858000E+00   0.694526E+05   0.116337E+05   0.694550E+05   0.694550E+05
   0.859000E+00   0.695107E+05   0.125536E+05   0.695145E+05   0.695145E+05
   0.860000E+00   0.695688E+05   0.988329E+04   0.695753E+05   0.695753E+05
   0.861000E+00   0.696338E+05   0.990402E+04   0.696373E+05   0.696373E+05
   0.862000E+00   0.696978E+05   0.135336E+05   0.697006E+05   0.697006E+05
   0.863000E+00   0.697630E+05   0.994541E+04   0.697651E+05   0.697651E+05
   0.864000E+00   0.698262E+05   0.996595E+04   0.698308E+05   0.698308E+05
   0.865000E+00   0.698929E+05   0.127107E+05   0.698974E+05   0.698974E+05
   0.866000E+00   0.699586E+05   0.909812E+04   0.699656E+05   0.699656E+05
   0.867000E+00   0.700362E+05   0.136781E+05   0.700330E+05   0.700330E+05
   0.868000E+00   0.701000E+05   0.100513E+05   0.701044E+05   0.701044E+05
   0.869000E+00   0.701676E+05   0.100726E+05   0.701750E+05   0.701750E+05
   0.870000E+00   0.702371E+05   0.100941E+05   0.702470E+05   0.702470E+05
   0.871000E+00   0.703125E+05   0.101166E+05   0.703197E+05   0.703197E+05
   0.872000E+00   0.703870E+05   0.119823E+05   0.703931E+05   0.703931E+05
   0.873000E+00   0.704589E+05   0.101609E+05   0.704673E+05   0.704673E+05
   0.874000E+00   0.705349E+05   0.101835E+05   0.705422E+05   0.705422E+05
   0.875000E+00   0.706131E+05   0.102064E+05   0.706178E+05   0.706178E+05
   0.876000E+00   0.706868E+05   0.111586E+05   0.706939E+05   0.706939E+05
   0.877000E+00   0.707628E+05   0.121153E+05   0.707706E+05   0.707706E+05
   0.878000E+00   0.708426E+05   0.934059E+04   0.708478E+05   0.708478E+05
   0.879000E+00   0.709209E+05   0.936156E+04   0.709254E+05   0.709254E+05
   0.880000E+00   0.709953E+05   0.938203E+04   0.710033E+05   0.710033E+05
   0.881000E+00   0.710781E+05   0.112844E+05   0.710816E+05   0.710816E+05
   0.882000E+00   0.711538E+05   0.113092E+05   0.711601E+05   0.711601E+05
   0.883000E+00   0.712336E+05   0.944557E+04   0.712388E+05   0.712388E+05
   0.884000E+00   0.713136E+05   0.142003E+05   0.713175E+05   0.713175E+05
   0.885000E+00   0.713900E+05   0.104365E+05   0.713965E+05   0.713965E+05
   0.886000E+00   0.714713E+05   0.104602E+05   0.714754E+05   0.714754E+05
   0.887000E+00   0.715476E+05   0.953014E+04   0.715542E+05   0.715542E+05
   0.888000E+00   0.716295E+05   0.133725E+05   0.716329E+05   0.716329E+05
   0.889000E+00   0.717122E+05   0.957358E+04   0.717114E+05   0.717114E+05
   0.890000E+00   0.717873E+05   0.115132E+05   0.717897E+05   0.717897E+05
   0.891000E+00   0.718605E+05   0.124994E+05   0.718676E+05   0.718676E+05
   0.892000E+00   0.719407E+05   0.144547E+05   0.719451E+05   0.719451E+05
   0.893000E+00   0.720191E+05   0.144866E+05   0.720221E+05   0.720221E+05
   0.894000E+00   0.720961E+05   0.106468E+05   0.720988E+05   0.720988E+05
   0.895000E+00   0.721735E+05   0.174602E+05   0.721747E+05   0.721747E+05
   0.896000E+00   0.722477E+05   0.972093E+04   0.722501E+05   0.722501E+05
   0.897000E+00   0.723213E+05   0.116900E+05   0.723247E+05   0.723247E+05
   0.898000E+00   0.723938E+05   0.107385E+05   0.723985E+05   0.723985E+05
   0.899000E+00   0.724713E+05   0.107620E+05   0.724714E+05   0.724714E+05
   0.900000E+00   0.725441E+05   0.107848E+05   0.725435E+05   0.725435E+05
   0.901000E+00   0.726157E+05   0.982491E+04   0.726144E+05   0.726144E+05
   0.902000E+00   0.726836E+05   0.118140E+05   0.726846E+05   0.726846E+05
   0.903000E+00   0.727506E+05   0.138110E+05   0.727535E+05   0.727535E+05
   0.904000E+00   0.728223E+05   0.168056E+05   0.728213E+05   0.728213E+05
   0.905000E+00   0.728936E+05   0.128781E+05   0.728878E+05   0.728878E+05
   0.906000E+00   0.729575E+05   0.168740E+05   0.729530E+05   0.729530E+05
   0.907000E+00   0.730209E+05   0.129291E+05   0.730169E+05   0.730169E+05
   0.908000E+00   0.730821E+05   0.996474E+04   0.730793E+05   0.730793E+05
   0.909000E+00   0.731455E+05   0.129797E+05   0.731403E+05   0.731403E+05
   0.910000E+00   0.732097E+05   0.130053E+05   0.731997E+05   0.731997E+05
   0.911000E+00   0.732611E+05   0.140310E+05   0.732575E+05   0.732575E+05
   0.912000E+00   0.733193E+05   0.150616E+05   0.733137E+05   0.733137E+05
   0.913000E+00   0.733758E+05   0.100598E+05   0.733682E+05   0.733682E+05
   0.914000E+00   0.734259E+05   0.151166E+05   0.734209E+05   0.734209E+05
   0.915000E+00   0.734820E+05   0.121157E+05   0.734718E+05   0.734718E+05
   0.916000E+00   0.735302E+05   0.151711E+05   0.735206E+05   0.735206E+05
   0.917000E+00   0.735806E+05   0.121585E+05   0.735676E+05   0.735676E+05
   0.918000E+00   0.736240E+05   0.131938E+05   0.736119E+05   0.736119E+05
   0.919000E+00   0.736696E+05   0.132163E+05   0.736559E+05   0.736559E+05
   0.920000E+00   0.737109E+05   0.162931E+05   0.736970E+05   0.736970E+05
   0.921000E+00   0.737483E+05   0.142792E+05   0.737361E+05   0.737361E+05
   0.922000E+00   0.737866E+05   0.112373E+05   0.737730E+05   0.737730E+05
   0.923000E+00   0.738216E+05   0.122780E+05   0.738076E+05   0.738076E+05
   0.924000E+00   0.738534E+05   0.112719E+05   0.738400E+05   0.738400E+05
   0.925000E+00   0.738847E+05   0.153939E+05   0.738701E+05   0.738701E+05
   0.926000E+00   0.739112E+05   0.184992E+05   0.738978E+05   0.738978E+05
   0.927000E+00   0.739379E+05   0.123506E+05   0.739233E+05   0.739233E+05
   0.928000E+00   0.739620E+05   0.144292E+05   0.739463E+05   0.739463E+05
   0.929000E+00   0.739790E+05   0.134161E+05   0.739670E+05   0.739670E+05
   0.930000E+00   0.740070E+05   0.134356E+05   0.739852E+05   0.739852E+05
   0.931000E+00   0.740190E+05   0.165566E+05   0.740010E+05   0.740010E+05
   0.932000E+00   0.740319E+05   0.155411E+05   0.740142E+05   0.740142E+05
   0.933000E+00   0.740375E+05   0.114099E+05   0.740250E+05   0.740250E+05
   0.934000E+00   0.740467E+05   0.135006E+05   0.740332E+05   0.740332E+05
   0.935000E+00   0.740539E+05   0.135163E+05   0.740387E+05   0.740387E+05
   0.936000E+00   0.740612E+05   0.145730E+05   0.740419E+05   0.740419E+05
   0.937000E+00   0.740564E+05   0.114617E+05   0.740423E+05   0.740423E+05
   0.938000E+00   0.740588E+05   0.135605E+05   0.740402E+05   0.740402E+05
   0.939000E+00   0.740543E+05   0.114858E+05   0.740354E+05   0.740354E+05
   0.940000E+00   0.740471E+05   0.114969E+05   0.740281E+05   0.740281E+05
   0.941000E+00   0.740340E+05   0.115071E+05   0.740180E+05   0.740180E+05
   0.942000E+00   0.740237E+05   0.115177E+05   0.740054E+05   0.740054E+05
   0.943000E+00   0.740112E+05   0.125760E+05   0.739900E+05   0.739900E+05
   0.944000E+00   0.739886E+05   0.115367E+05   0.739720E+05   0.739720E+05
   0.945000E+00   0.739631E+05   0.146935E+05   0.739514E+05   0.739514E+05
   0.946000E+00   0.739486E+05   0.126053E+05   0.739281E+05   0.739281E+05
   0.947000E+00   0.739181E+05   0.105112E+05   0.739022E+05   0.739022E+05
   0.948000E+00   0.738867E+05   0.157767E+05   0.738736E+05   0.738736E+05
   0.949000E+00   0.738525E+05   0.126288E+05   0.738424E+05   0.738424E+05
   0.950000E+00   0.738196E+05   0.126364E+05   0.738086E+05   0.738086E+05
   0.951000E+00   0.737857E+05   0.115903E+05   0.737721E+05   0.737721E+05
   0.952000E+00   0.737508E+05   0.147597E+05   0.737330E+05   0.737330E+05
   0.953000E+00   0.737035E+05   0.126564E+05   0.736914E+05   0.736914E+05
   0.954000E+00   0.736556E+05   0.116063E+05   0.736472E+05   0.736472E+05
   0.955000E+00   0.736132E+05   0.137230E+05   0.736004E+05   0.736004E+05
   0.956000E+00   0.735615E+05   0.105598E+05   0.735511E+05   0.735511E+05
   0.957000E+00   0.735117E+05   0.147891E+05   0.734993E+05   0.734993E+05
   0.958000E+00   0.734570E+05   0.137368E+05   0.734449E+05   0.734449E+05
   0.959000E+00   0.733942E+05   0.137394E+05   0.733881E+05   0.733881E+05
   0.960000E+00   0.733371E+05   0.126858E+05   0.733289E+05   0.733289E+05
   0.961000E+00   0.732742E+05   0.169175E+05   0.732672E+05   0.732672E+05
   0.962000E+00   0.732110E+05   0.126904E+05   0.732032E+05   0.732032E+05
   0.963000E+00   0.731416E+05   0.126915E+05   0.731368E+05   0.731368E+05
   0.964000E+00   0.730698E+05   0.137499E+05   0.730681E+05   0.730681E+05
   0.965000E+00   0.729961E+05   0.148080E+05   0.729970E+05   0.729970E+05
   0.966000E+00   0.729238E+05   0.137509E+05   0.729237E+05   0.729237E+05
   0.967000E+00   0.728473E+05   0.116352E+05   0.728481E+05   0.728481E+05
   0.968000E+00   0.727732E+05   0.158664E+05   0.727704E+05   0.727704E+05
   0.969000E+00   0.726928E+05   0.105768E+05   0.726898E+05   0.726898E+05
   0.970000E+00   0.726076E+05   0.105753E+05   0.726087E+05   0.726087E+05
   0.971000E+00   0.725235E+05   0.126887E+05   0.725246E+05   0.725246E+05
   0.972000E+00   0.724386E+05   0.137441E+05   0.724387E+05   0.724387E+05
   0.973000E+00   0.723485E+05   0.126841E+05   0.723507E+05   0.723507E+05
   0.974000E+00   0.722612E+05   0.116250E+05   0.722607E+05   0.722607E+05
   0.975000E+00   0.721606E+05   0.116207E+05   0.721688E+05   0.721688E+05
   0.976000E+00   0.720720E+05   0.116184E+05   0.720751E+05   0.720751E+05
   0.977000E+00   0.719791E+05   0.116153E+05   0.719795E+05   0.719795E+05
   0.978000E+00   0.718768E+05   0.147771E+05   0.718822E+05   0.718822E+05
   0.979000E+00   0.717771E+05   0.105512E+05   0.717831E+05   0.717831E+05
   0.980000E+00   0.716836E+05   0.158224E+05   0.716824E+05   0.716824E+05
   0.981000E+00   0.715828E+05   0.137074E+05   0.715800E+05   0.715800E+05
   0.982000E+00   0.714739E+05   0.168621E+05   0.714761E+05   0.714761E+05
   0.983000E+00   0.713730E+05   0.168554E+05   0.713706E+05   0.713706E+05
   0.984000E+00   0.712628E+05   0.126349E+05   0.712636E+05   0.712636E+05
   0.985000E+00   0.711577E+05   0.136815E+05   0.711552E+05   0.711552E+05
   0.986000E+00   0.710471E+05   0.115704E+05   0.710453E+05   0.710453E+05
   0.987000E+00   0.709431E+05   0.136679E+05   0.709342E+05   0.709342E+05
   0.988000E+00   0.708279E+05   0.105073E+05   0.708218E+05   0.708218E+05
   0.989000E+00   0.707180E+05   0.115518E+05   0.707081E+05   0.707081E+05
   0.990000E+00   0.705992E+05   0.125935E+05   0.705932E+05   0.705932E+05
   0.991000E+00   0.704902E+05   0.115378E+05   0.704771E+05   0.704771E+05
   0.992000E+00   0.703784E+05   0.157243E+05   0.703599E+05   0.703599E+05
   0.993000E+00   0.702653E+05   0.104766E+05   0.702417E+05   0.702417E+05
   0.994000E+00   0.701429E+05   0.115157E+05   0.701225E+05   0.701225E+05
   0.995000E+00   0.700304E+05   0.104625E+05   0.700023E+05   0.700023E+05
   0.996000E+00   0.699129E+05   0.156832E+05   0.698812E+05   0.698812E+05
   0.997000E+00   0.697936E+05   0.135825E+05   0.697593E+05   0.697593E+05
   0.998000E+00   0.696719E+05   0.114844E+05   0.696365E+05   0.696365E+05
   0.999000E+00   0.695586E+05   0.125206E+05   0.695130E+05   0.695130E+05
   0.100000E+01   0.694403E+05   0.135544E+05   0.693887E+05   0.693887E+05

           ####      Real Space Data                               ####

           Distance distribution  function of particle


      R          P(R)      ERROR

  0.0000E+00  0.0000E+00  0.0000E+00
  0.1961E+00  0.1123E+04  0.2057E+03
  0.3922E+00  0.2314E+04  0.3526E+03
  0.5882E+00  0.3578E+04  0.4431E+03
  0.7843E+00  0.4916E+04  0.4810E+03
  0.9804E+00  0.6334E+04  0.4713E+03
  0.1176E+01  0.7838E+04  0.4204E+03
  0.1373E+01  0.9434E+04  0.3355E+03
  0.1569E+01  0.1113E+05  0.2248E+03
  0.1765E+01  0.1293E+05  0.9851E+02
  0.1961E+01  0.1486E+05  0.5765E+02
  0.2157E+01  0.1690E+05  0.1909E+03
  0.2353E+01  0.1908E+05  0.3246E+03
  0.2549E+01  0.2139E+05  0.4460E+03
  0.2745E+01  0.2385E+05  0.5485E+03
  0.2941E+01  0.2646E+05  0.6270E+03
  0.3137E+01  0.2922E+05  0.6780E+03
  0.3333E+01  0.3214E+05  0.6991E+03
  0.3529E+01  0.3522E+05  0.6895E+03
  0.3725E+01  0.3844E+05  0.6499E+03
  0.3922E+01  0.4182E+05  0.5825E+03
  0.4118E+01  0.4535E+05  0.4908E+03
  0.4314E+01  0.4902E+05  0.3801E+03
  0.4510E+01  0.5282E+05  0.2591E+03
  0.4706E+01  0.5674E+05  0.1499E+03
  0.4902E+01  0.6077E+05  0.1362E+03
  0.5098E+01  0.6491E+05  0.2378E+03
  0.5294E+01  0.6914E+05  0.3611E+03
  0.5490E+01  0.7344E+05  0.4778E+03
  0.5686E+01  0.7781E+05  0.5781E+03
  0.5882E+01  0.8223E+05  0.6563E+03
  0.6078E+01  0.8668E+05  0.7088E+03
  0.6275E+01  0.9117E+05  0.7333E+03
  0.6471E+01  0.9567E+05  0.7289E+03
  0.6667E+01  0.1002E+06  0.6962E+03
  0.6863E+01  0.1047E+06  0.6374E+03
  0.7059E+01  0.1092E+06  0.5566E+03
  0.7255E+01  0.1137E+06  0.4606E+03
  0.7451E+01  0.1181E+06  0.3609E+03
  0.7647E+01  0.1226E+06  0.2812E+03
  0.7843E+01  0.1270E+06  0.2615E+03
  0.8039E+01  0.1313E+06  0.3187E+03
  0.8235E+01  0.1357E+06  0.4182E+03
  0.8431E+01  0.1400E+06  0.5275E+03
  0.8627E+01  0.1443E+06  0.6296E+03
  0.8824E+01  0.1486E+06  0.7155E+03
  0.9020E+01  0.1528E+06  0.7794E+03
  0.9216E+01  0.1571E+06  0.8179E+03
  0.9412E+01  0.1613E+06  0.8292E+03
  0.9608E+01  0.1655E+06  0.8132E+03
  0.9804E+01  0.1697E+06  0.7714E+03
  0.1000E+02  0.1738E+06  0.7072E+03
  0.1020E+02  0.1780E+06  0.6264E+03
  0.1039E+02  0.1821E+06  0.5380E+03
  0.1059E+02  0.1862E+06  0.4566E+03
  0.1078E+02  0.1903E+06  0.4032E+03
  0.1098E+02  0.1944E+06  0.3995E+03
  0.1118E+02  0.1984E+06  0.4475E+03
  0.1137E+02  0.2025E+06  0.5276E+03
  0.1157E+02  0.2064E+06  0.6180E+03
  0.1176E+02  0.2103E+06  0.7033E+03
  0.1196E+02  0.2141E+06  0.7739E+03
  0.1216E+02  0.2179E+06  0.8239E+03
  0.1235E+02  0.2216E+06  0.8499E+03
  0.1255E+02  0.2251E+06  0.8504E+03
  0.1275E+02  0.2286E+06  0.8260E+03
  0.1294E+02  0.2320E+06  0.7796E+03
  0.1314E+02  0.2352E+06  0.7161E+03
  0.1333E+02  0.2383E+06  0.6438E+03
  0.1353E+02  0.2413E+06  0.5748E+03
  0.1373E+02  0.2441E+06  0.5256E+03
  0.1392E+02  0.2468E+06  0.5127E+03
  0.1412E+02  0.2493E+06  0.5430E+03
  0.1431E+02  0.2517E+06  0.6078E+03
  0.1451E+02  0.2539E+06  0.6906E+03
  0.1471E+02  0.2559E+06  0.7760E+03
  0.1490E+02  0.2579E+06  0.8526E+03
  0.1510E+02  0.2596E+06  0.9125E+03
  0.1529E+02  0.2612E+06  0.9505E+03
  0.1549E+02  0.2627E+06  0.9636E+03
  0.1569E+02  0.2641E+06  0.9509E+03
  0.1588E+02  0.2653E+06  0.9132E+03
  0.1608E+02  0.2664E+06  0.8536E+03
  0.1627E+02  0.2674E+06  0.7771E+03
  0.1647E+02  0.2682E+06  0.6920E+03
  0.1667E+02  0.2690E+06  0.6103E+03
  0.1686E+02  0.2697E+06  0.5480E+03
  0.1706E+02  0.2702E+06  0.5225E+03
  0.1725E+02  0.2707E+06  0.5421E+03
  0.1745E+02  0.2711E+06  0.5987E+03
  0.1765E+02  0.2713E+06  0.6752E+03
  0.1784E+02  0.2715E+06  0.7549E+03
  0.1804E+02  0.2716E+06  0.8256E+03
  0.1824E+02  0.2716E+06  0.8791E+03
  0.1843E+02  0.2715E+06  0.9104E+03
  0.1863E+02  0.2713E+06  0.9169E+03
  0.1882E+02  0.2710E+06  0.8980E+03
  0.1902E+02  0.2706E+06  0.8555E+03
  0.1922E+02  0.2700E+06  0.7936E+03
  0.1941E+02  0.2693E+06  0.7193E+03
  0.1961E+02  0.2685E+06  0.6435E+03
  0.1980E+02  0.2676E+06  0.5813E+03
  0.2000E+02  0.2665E+06  0.5509E+03
  0.2020E+02  0.2652E+06  0.5646E+03
  0.2039E+02  0.2638E+06  0.6198E+03
  0.2059E+02  0.2623E+06  0.7016E+03
  0.2078E+02  0.2606E+06  0.7931E+03
  0.2098E+02  0.2587E+06  0.8807E+03
  0.2118E+02  0.2566E+06  0.9549E+03
  0.2137E+02  0.2544E+06  0.1009E+04
  0.2157E+02  0.2520E+06  0.1039E+04
  0.2176E+02  0.2494E+06  0.1044E+04
  0.2196E+02  0.2467E+06  0.1022E+04
  0.2216E+02  0.2439E+06  0.9773E+03
  0.2235E+02  0.2408E+06  0.9125E+03
  0.2255E+02  0.2377E+06  0.8343E+03
  0.2275E+02  0.2344E+06  0.7517E+03
  0.2294E+02  0.2310E+06  0.6769E+03
  0.2314E+02  0.2274E+06  0.6238E+03
  0.2333E+02  0.2238E+06  0.6045E+03
  0.2353E+02  0.2200E+06  0.6219E+03
  0.2373E+02  0.2162E+06  0.6678E+03
  0.2392E+02  0.2122E+06  0.7276E+03
  0.2412E+02  0.2082E+06  0.7876E+03
  0.2431E+02  0.2042E+06  0.8370E+03
  0.2451E+02  0.2001E+06  0.8686E+03
  0.2471E+02  0.1959E+06  0.8782E+03
  0.2490E+02  0.1917E+06  0.8643E+03
  0.2510E+02  0.1875E+06  0.8274E+03
  0.2529E+02  0.1833E+06  0.7709E+03
  0.2549E+02  0.1791E+06  0.7011E+03
  0.2569E+02  0.1748E+06  0.6280E+03
  0.2588E+02  0.1706E+06  0.5663E+03
  0.2608E+02  0.1663E+06  0.5341E+03
  0.2627E+02  0.1621E+06  0.5449E+03
  0.2647E+02  0.1579E+06  0.5976E+03
  0.2667E+02  0.1537E+06  0.6782E+03
  0.2686E+02  0.1496E+06  0.7695E+03
  0.2706E+02  0.1455E+06  0.8578E+03
  0.2725E+02  0.1414E+06  0.9332E+03
  0.2745E+02  0.1374E+06  0.9890E+03
  0.2765E+02  0.1334E+06  0.1021E+04
  0.2784E+02  0.1294E+06  0.1027E+04
  0.2804E+02  0.1255E+06  0.1008E+04
  0.2824E+02  0.1217E+06  0.9646E+03
  0.2843E+02  0.1179E+06  0.9022E+03
  0.2863E+02  0.1142E+06  0.8277E+03
  0.2882E+02  0.1106E+06  0.7508E+03
  0.2902E+02  0.1070E+06  0.6848E+03
  0.2922E+02  0.1035E+06  0.6442E+03
  0.2941E+02  0.1001E+06  0.6399E+03
  0.2961E+02  0.9671E+05  0.6722E+03
  0.2980E+02  0.9344E+05  0.7307E+03
  0.3000E+02  0.9025E+05  0.8007E+03
  0.3020E+02  0.8714E+05  0.8690E+03
  0.3039E+02  0.8413E+05  0.9256E+03
  0.3059E+02  0.8119E+05  0.9638E+03
  0.3078E+02  0.7834E+05  0.9801E+03
  0.3098E+02  0.7558E+05  0.9734E+03
  0.3118E+02  0.7291E+05  0.9454E+03
  0.3137E+02  0.7031E+05  0.9002E+03
  0.3157E+02  0.6781E+05  0.8453E+03
  0.3176E+02  0.6538E+05  0.7913E+03
  0.3196E+02  0.6303E+05  0.7510E+03
  0.3216E+02  0.6076E+05  0.7374E+03
  0.3235E+02  0.5856E+05  0.7575E+03
  0.3255E+02  0.5644E+05  0.8091E+03
  0.3275E+02  0.5438E+05  0.8822E+03
  0.3294E+02  0.5239E+05  0.9638E+03
  0.3314E+02  0.5046E+05  0.1042E+04
  0.3333E+02  0.4859E+05  0.1108E+04
  0.3353E+02  0.4678E+05  0.1154E+04
  0.3373E+02  0.4502E+05  0.1176E+04
  0.3392E+02  0.4332E+05  0.1172E+04
  0.3412E+02  0.4166E+05  0.1144E+04
  0.3431E+02  0.4005E+05  0.1094E+04
  0.3451E+02  0.3849E+05  0.1027E+04
  0.3471E+02  0.3697E+05  0.9534E+03
  0.3490E+02  0.3549E+05  0.8847E+03
  0.3510E+02  0.3405E+05  0.8353E+03
  0.3529E+02  0.3266E+05  0.8181E+03
  0.3549E+02  0.3131E+05  0.8389E+03
  0.3569E+02  0.2999E+05  0.8930E+03
  0.3588E+02  0.2872E+05  0.9683E+03
  0.3608E+02  0.2748E+05  0.1051E+04
  0.3627E+02  0.2629E+05  0.1127E+04
  0.3647E+02  0.2513E+05  0.1189E+04
  0.3667E+02  0.2402E+05  0.1230E+04
  0.3686E+02  0.2294E+05  0.1245E+04
  0.3706E+02  0.2190E+05  0.1235E+04
  0.3725E+02  0.2090E+05  0.1201E+04
  0.3745E+02  0.1994E+05  0.1147E+04
  0.3765E+02  0.1902E+05  0.1080E+04
  0.3784E+02  0.1814E+05  0.1009E+04
  0.3804E+02  0.1729E+05  0.9457E+03
  0.3824E+02  0.1647E+05  0.9014E+03
  0.3843E+02  0.1569E+05  0.8852E+03
  0.3863E+02  0.1494E+05  0.8991E+03
  0.3882E+02  0.1423E+05  0.9371E+03
  0.3902E+02  0.1354E+05  0.9884E+03
  0.3922E+02  0.1288E+05  0.1041E+04
  0.3941E+02  0.1225E+05  0.1085E+04
  0.3961E+02  0.1163E+05  0.1114E+04
  0.3980E+02  0.1105E+05  0.1124E+04
  0.4000E+02  0.1048E+05  0.1114E+04
  0.4020E+02  0.9929E+04  0.1086E+04
  0.4039E+02  0.9398E+04  0.1048E+04
  0.4059E+02  0.8883E+04  0.1008E+04
  0.4078E+02  0.8383E+04  0.9772E+03
  0.4098E+02  0.7897E+04  0.9669E+03
  0.4118E+02  0.7426E+04  0.9843E+03
  0.4137E+02  0.6967E+04  0.1030E+04
  0.4157E+02  0.6521E+04  0.1097E+04
  0.4176E+02  0.6088E+04  0.1175E+04
  0.4196E+02  0.5667E+04  0.1253E+04
  0.4216E+02  0.5260E+04  0.1322E+04
  0.4235E+02  0.4866E+04  0.1374E+04
  0.4255E+02  0.4485E+04  0.1405E+04
  0.4275E+02  0.4120E+04  0.1414E+04
  0.4294E+02  0.3769E+04  0.1402E+04
  0.4314E+02  0.3434E+04  0.1374E+04
  0.4333E+02  0.3115E+04  0.1335E+04
  0.4353E+02  0.2813E+04  0.1294E+04
  0.4373E+02  0.2529E+04  0.1260E+04
  0.4392E+02  0.2262E+04  0.1239E+04
  0.4412E+02  0.2013E+04  0.1234E+04
  0.4431E+02  0.1783E+04  0.1244E+04
  0.4451E+02  0.1571E+04  0.1262E+04
  0.4471E+02  0.1378E+04  0.1281E+04
  0.4490E+02  0.1202E+04  0.1293E+04
  0.4510E+02  0.1043E+04  0.1295E+04
  0.4529E+02  0.9017E+03  0.1284E+04
  0.4549E+02  0.7760E+03  0.1266E+04
  0.4569E+02  0.6655E+03  0.1249E+04
  0.4588E+02  0.5691E+03  0.1244E+04
  0.4608E+02  0.4858E+03  0.1264E+04
  0.4627E+02  0.4142E+03  0.1315E+04
  0.4647E+02  0.3533E+03  0.1393E+04
  0.4667E+02  0.3018E+03  0.1488E+04
  0.4686E+02  0.2584E+03  0.1582E+04
  0.4706E+02  0.2219E+03  0.1658E+04
  0.4725E+02  0.1913E+03  0.1701E+04
  0.4745E+02  0.1654E+03  0.1703E+04
  0.4765E+02  0.1432E+03  0.1661E+04
  0.4784E+02  0.1240E+03  0.1588E+04
  0.4804E+02  0.1069E+03  0.1510E+04
  0.4824E+02  0.9141E+02  0.1471E+04
  0.4843E+02  0.7705E+02  0.1517E+04
  0.4863E+02  0.6354E+02  0.1662E+04
  0.4882E+02  0.5074E+02  0.1871E+04
  0.4902E+02  0.3868E+02  0.2077E+04
  0.4922E+02  0.2752E+02  0.2199E+04
  0.4941E+02  0.1757E+02  0.2149E+04
  0.4961E+02  0.9269E+01  0.1834E+04
  0.4980E+02  0.3187E+01  0.1154E+04
  0.5000E+02  0.0000E+00  0.0000E+00
