
           ####    G N O M   ---   Version 4.6                       ####

                                                    04-May-2017   14:08:25
           ===    Run No   1   ===
 Run title:  ### DATA:


   *******    Input file(s) : t_dat.dat
           Condition P(rmin) = 0 is used.
           Condition P(rmax) = 0 is used.

          Highest ALPHA is found to be   0.5405E+01

  The measure of inconsistency AN1 equals to    0.8920E+00
     Alpha    Discrp  Oscill  Stabil  Sysdev  Positv  Valcen    Total
  0.5405E+04 30.9468  1.0240  0.6098  0.1884  1.0000  0.8967  0.39777
  0.1081E+04 12.7852  1.0165  0.2493  0.0471  1.0000  0.9010  0.40239
  0.2162E+03  4.4967  1.0079  0.0832  0.1028  1.0000  0.9131  0.55784
  0.4324E+02  2.0009  1.0334  0.0579  0.3084  1.0000  0.9338  0.61013
  0.8648E+01  0.8063  1.0902  0.0313  0.7495  1.0000  0.9495  0.72683
  0.1730E+01  0.5211  1.1203  0.0118  0.9636  1.0000  0.9548  0.97222
  0.3459E+00  0.4879  1.1365  0.0196  0.9550  1.0000  0.9547  0.95956
  0.6918E-01  0.4683  1.2010  0.0408  0.9722  0.9996  0.9498  0.92828
  0.1384E-01  0.4554  1.3635  0.0417  0.9722  0.9983  0.9418  0.88689
  0.2767E-02  0.4471  1.8637  0.1752  0.9722  0.9943  0.9305  0.53439
  0.5535E-03  0.4276  3.9857  0.3987  0.9550  0.9783  0.8703  0.42081
  0.1107E-03  0.4083  5.5843  0.2354  0.9807  0.9340  0.7732  0.35875
  0.2214E-04  0.4034  6.5042  0.2790  0.9636  0.8994  0.7052  0.32506
  0.4428E-05  0.3998  8.2374  0.8366  0.9722  0.8374  0.5673  0.29389
  0.8855E-06  0.3917  7.7802  0.6202  0.9636  0.7686  0.4965  0.28100
  0.1771E-06  0.3857  7.7286  0.2241  0.9636  0.7446  0.4778  0.28634
  0.3542E-07  0.3844  8.8461  0.4296  0.9722  0.7367  0.4724  0.27824
  0.7084E-08  0.3829  9.6363  0.9760  0.9636  0.7193  0.4543  0.27761
  0.1417E-08  0.3786  8.4514  0.6937  0.9893  0.7060  0.4218  0.27665
  0.2834E-09  0.3745  8.1851  0.2888  0.9807  0.7034  0.4319  0.27663
  0.5667E-10  0.3737  8.2183  0.1037  1.0064  0.7043  0.4345  0.39420
  0.1133E-10  0.3735  9.5565  0.3371  1.0064  0.7075  0.4485  0.27580
  0.2267E-11  0.3727 15.1350  0.8598  1.0064  0.6876  0.5051  0.00000

          ***  Golden section search to maximize estimate ***
     Alpha    Discrp  Oscill  Stabil  Sysdev  Positv  Valcen    Total
  0.3198E+01  0.5689  1.1121  0.0169  0.9293  1.0000  0.9536  0.90719
  0.1368E+01  0.5116  1.1228  0.0107  0.9550  1.0000  0.9551  0.97036
  0.2187E+01  0.5345  1.1175  0.0134  0.9465  1.0000  0.9545  0.92957
  0.1581E+01  0.5171  1.1213  0.0113  0.9636  1.0000  0.9549  0.97145
  0.1892E+01  0.5257  1.1193  0.0124  0.9465  1.0000  0.9547  0.92796
  0.1671E+01  0.5195  1.1207  0.0116  0.9636  1.0000  0.9549  0.97192
  0.1790E+01  0.5228  1.1199  0.0120  0.9465  1.0000  0.9548  0.92742
  0.1707E+01  0.5205  1.1205  0.0117  0.9636  1.0000  0.9548  0.97210
  0.1752E+01  0.5217  1.1202  0.0119  0.9550  1.0000  0.9548  0.97234
  0.1767E+01  0.5221  1.1201  0.0119  0.9465  1.0000  0.9548  0.92730
  0.1744E+01  0.5215  1.1202  0.0119  0.9550  1.0000  0.9548  0.97230
  0.1758E+01  0.5219  1.1201  0.0119  0.9550  1.0000  0.9548  0.97237
  0.1761E+01  0.5219  1.1201  0.0119  0.9550  1.0000  0.9548  0.97239
  0.1763E+01  0.5220  1.1201  0.0119  0.9550  1.0000  0.9548  0.97240
  0.1765E+01  0.5220  1.1201  0.0119  0.9465  1.0000  0.9548  0.92729
  0.1762E+01  0.5220  1.1201  0.0119  0.9550  1.0000  0.9548  0.97239
  0.1763E+01  0.5220  1.1201  0.0119  0.9550  1.0000  0.9548  0.97240



             ####            Final results            ####

 Parameter    DISCRP    OSCILL    STABIL    SYSDEV    POSITV    VALCEN
 Weight        1.000     3.000     3.000     3.000     1.000     1.000
 Sigma         0.300     0.600     0.120     0.120     0.120     0.120
 Ideal         0.700     1.100     0.000     1.000     1.000     0.950
 Current       0.522     1.120     0.012     0.955     1.000     0.955
                - - - - - - - - - - - - - - - - - - - - - - - - -
 Estimate      0.703     0.999     0.990     1.000     1.000     0.998

  Angular   range    :     from    0.0098   to    0.2793
  Real space range   :     from      0.00   to     40.00

  Highest ALPHA (theor) :   0.540E+04                 JOB = 0
  Current ALPHA         :   0.176E+01   Rg :  0.142E+02   I(0) :   0.459E-01

           Total  estimate : 0.972  which is  AN EXCELLENT  solution

      S          J EXP       ERROR       J REG       I REG

  0.0000E+00                                      0.4591E-01
  0.5777E-03                                      0.4591E-01
  0.1155E-02                                      0.4591E-01
  0.1733E-02                                      0.4590E-01
  0.2311E-02                                      0.4589E-01
  0.2888E-02                                      0.4588E-01
  0.3466E-02                                      0.4587E-01
  0.4044E-02                                      0.4586E-01
  0.4621E-02                                      0.4584E-01
  0.5199E-02                                      0.4583E-01
  0.5777E-02                                      0.4581E-01
  0.6354E-02                                      0.4579E-01
  0.6932E-02                                      0.4576E-01
  0.7509E-02                                      0.4574E-01
  0.8087E-02                                      0.4571E-01
  0.8665E-02                                      0.4568E-01
  0.9242E-02                                      0.4565E-01
  0.9820E-02  0.4365E-01  0.1432E-02  0.4561E-01  0.4561E-01
  0.1040E-01  0.4635E-01  0.1312E-02  0.4558E-01  0.4558E-01
  0.1098E-01  0.4446E-01  0.1286E-02  0.4554E-01  0.4554E-01
  0.1155E-01  0.4440E-01  0.1160E-02  0.4550E-01  0.4550E-01
  0.1213E-01  0.4369E-01  0.1214E-02  0.4546E-01  0.4546E-01
  0.1271E-01  0.4578E-01  0.9751E-03  0.4542E-01  0.4542E-01
  0.1329E-01  0.4510E-01  0.1016E-02  0.4537E-01  0.4537E-01
  0.1386E-01  0.4535E-01  0.9385E-03  0.4532E-01  0.4532E-01
  0.1444E-01  0.4455E-01  0.9670E-03  0.4527E-01  0.4527E-01
  0.1502E-01  0.4459E-01  0.1017E-02  0.4522E-01  0.4522E-01
  0.1560E-01  0.4426E-01  0.8005E-03  0.4517E-01  0.4517E-01
  0.1617E-01  0.4464E-01  0.8856E-03  0.4511E-01  0.4511E-01
  0.1675E-01  0.4480E-01  0.8140E-03  0.4505E-01  0.4505E-01
  0.1733E-01  0.4297E-01  0.8314E-03  0.4499E-01  0.4499E-01
  0.1791E-01  0.4588E-01  0.8271E-03  0.4493E-01  0.4493E-01
  0.1848E-01  0.4562E-01  0.7584E-03  0.4487E-01  0.4487E-01
  0.1906E-01  0.4375E-01  0.8470E-03  0.4480E-01  0.4480E-01
  0.1964E-01  0.4256E-01  0.7157E-03  0.4474E-01  0.4474E-01
  0.2022E-01  0.4419E-01  0.7499E-03  0.4467E-01  0.4467E-01
  0.2080E-01  0.4451E-01  0.7389E-03  0.4460E-01  0.4460E-01
  0.2137E-01  0.4278E-01  0.6881E-03  0.4452E-01  0.4452E-01
  0.2195E-01  0.4334E-01  0.6851E-03  0.4445E-01  0.4445E-01
  0.2253E-01  0.4380E-01  0.6341E-03  0.4437E-01  0.4437E-01
  0.2311E-01  0.4401E-01  0.6256E-03  0.4429E-01  0.4429E-01
  0.2368E-01  0.4408E-01  0.6189E-03  0.4421E-01  0.4421E-01
  0.2426E-01  0.4428E-01  0.6242E-03  0.4413E-01  0.4413E-01
  0.2484E-01  0.4259E-01  0.6117E-03  0.4405E-01  0.4405E-01
  0.2542E-01  0.4346E-01  0.5813E-03  0.4396E-01  0.4396E-01
  0.2599E-01  0.4257E-01  0.5866E-03  0.4387E-01  0.4387E-01
  0.2657E-01  0.4269E-01  0.5959E-03  0.4378E-01  0.4378E-01
  0.2715E-01  0.4292E-01  0.5586E-03  0.4369E-01  0.4369E-01
  0.2773E-01  0.4345E-01  0.5524E-03  0.4360E-01  0.4360E-01
  0.2830E-01  0.4312E-01  0.5550E-03  0.4350E-01  0.4350E-01
  0.2888E-01  0.4300E-01  0.5413E-03  0.4341E-01  0.4341E-01
  0.2946E-01  0.4235E-01  0.4922E-03  0.4331E-01  0.4331E-01
  0.3004E-01  0.4276E-01  0.5059E-03  0.4321E-01  0.4321E-01
  0.3062E-01  0.4304E-01  0.5021E-03  0.4311E-01  0.4311E-01
  0.3119E-01  0.4272E-01  0.4919E-03  0.4300E-01  0.4300E-01
  0.3177E-01  0.4286E-01  0.4979E-03  0.4290E-01  0.4290E-01
  0.3235E-01  0.4286E-01  0.4789E-03  0.4279E-01  0.4279E-01
  0.3293E-01  0.4264E-01  0.4928E-03  0.4268E-01  0.4268E-01
  0.3350E-01  0.4319E-01  0.4864E-03  0.4257E-01  0.4257E-01
  0.3408E-01  0.4263E-01  0.4756E-03  0.4246E-01  0.4246E-01
  0.3466E-01  0.4182E-01  0.4535E-03  0.4235E-01  0.4235E-01
  0.3524E-01  0.4130E-01  0.4543E-03  0.4223E-01  0.4223E-01
  0.3581E-01  0.4191E-01  0.4568E-03  0.4211E-01  0.4211E-01
  0.3639E-01  0.4226E-01  0.4512E-03  0.4199E-01  0.4199E-01
  0.3697E-01  0.4188E-01  0.4557E-03  0.4187E-01  0.4187E-01
  0.3755E-01  0.4236E-01  0.4456E-03  0.4175E-01  0.4175E-01
  0.3812E-01  0.4168E-01  0.4330E-03  0.4163E-01  0.4163E-01
  0.3870E-01  0.4142E-01  0.4503E-03  0.4151E-01  0.4151E-01
  0.3928E-01  0.4138E-01  0.4335E-03  0.4138E-01  0.4138E-01
  0.3986E-01  0.4061E-01  0.4384E-03  0.4125E-01  0.4125E-01
  0.4043E-01  0.4095E-01  0.4213E-03  0.4112E-01  0.4112E-01
  0.4101E-01  0.4077E-01  0.4296E-03  0.4099E-01  0.4099E-01
  0.4159E-01  0.4057E-01  0.4250E-03  0.4086E-01  0.4086E-01
  0.4217E-01  0.4059E-01  0.4135E-03  0.4073E-01  0.4073E-01
  0.4275E-01  0.4066E-01  0.4159E-03  0.4059E-01  0.4059E-01
  0.4332E-01  0.4111E-01  0.4116E-03  0.4045E-01  0.4045E-01
  0.4390E-01  0.4018E-01  0.4135E-03  0.4032E-01  0.4032E-01
  0.4448E-01  0.3993E-01  0.4044E-03  0.4018E-01  0.4018E-01
  0.4506E-01  0.4031E-01  0.4022E-03  0.4004E-01  0.4004E-01
  0.4563E-01  0.3936E-01  0.4092E-03  0.3989E-01  0.3989E-01
  0.4621E-01  0.4001E-01  0.3983E-03  0.3975E-01  0.3975E-01
  0.4679E-01  0.4000E-01  0.3980E-03  0.3961E-01  0.3961E-01
  0.4737E-01  0.3962E-01  0.3968E-03  0.3946E-01  0.3946E-01
  0.4794E-01  0.3909E-01  0.3851E-03  0.3931E-01  0.3931E-01
  0.4852E-01  0.3872E-01  0.3836E-03  0.3916E-01  0.3916E-01
  0.4910E-01  0.3885E-01  0.3841E-03  0.3901E-01  0.3901E-01
  0.4968E-01  0.3824E-01  0.3949E-03  0.3886E-01  0.3886E-01
  0.5025E-01  0.3892E-01  0.3755E-03  0.3871E-01  0.3871E-01
  0.5083E-01  0.3880E-01  0.3849E-03  0.3856E-01  0.3856E-01
  0.5141E-01  0.3787E-01  0.3785E-03  0.3840E-01  0.3840E-01
  0.5199E-01  0.3850E-01  0.3704E-03  0.3825E-01  0.3825E-01
  0.5256E-01  0.3851E-01  0.3719E-03  0.3809E-01  0.3809E-01
  0.5314E-01  0.3735E-01  0.3698E-03  0.3793E-01  0.3793E-01
  0.5372E-01  0.3744E-01  0.3678E-03  0.3777E-01  0.3777E-01
  0.5430E-01  0.3732E-01  0.3641E-03  0.3761E-01  0.3761E-01
  0.5487E-01  0.3804E-01  0.3711E-03  0.3745E-01  0.3745E-01
  0.5545E-01  0.3692E-01  0.3623E-03  0.3729E-01  0.3729E-01
  0.5603E-01  0.3771E-01  0.3652E-03  0.3712E-01  0.3712E-01
  0.5661E-01  0.3761E-01  0.3815E-03  0.3696E-01  0.3696E-01
  0.5718E-01  0.3731E-01  0.3811E-03  0.3679E-01  0.3679E-01
  0.5776E-01  0.3703E-01  0.3905E-03  0.3663E-01  0.3663E-01
  0.5834E-01  0.3679E-01  0.3829E-03  0.3646E-01  0.3646E-01
  0.5892E-01  0.3666E-01  0.3885E-03  0.3629E-01  0.3629E-01
  0.5950E-01  0.3627E-01  0.3998E-03  0.3612E-01  0.3612E-01
  0.6007E-01  0.3617E-01  0.3867E-03  0.3595E-01  0.3595E-01
  0.6065E-01  0.3564E-01  0.3995E-03  0.3578E-01  0.3578E-01
  0.6123E-01  0.3589E-01  0.3980E-03  0.3561E-01  0.3561E-01
  0.6181E-01  0.3542E-01  0.4041E-03  0.3543E-01  0.3543E-01
  0.6238E-01  0.3600E-01  0.4018E-03  0.3526E-01  0.3526E-01
  0.6296E-01  0.3516E-01  0.3918E-03  0.3509E-01  0.3509E-01
  0.6354E-01  0.3585E-01  0.4114E-03  0.3491E-01  0.3491E-01
  0.6412E-01  0.3486E-01  0.3987E-03  0.3473E-01  0.3473E-01
  0.6469E-01  0.3501E-01  0.4105E-03  0.3456E-01  0.3456E-01
  0.6527E-01  0.3337E-01  0.4011E-03  0.3438E-01  0.3438E-01
  0.6585E-01  0.3443E-01  0.3992E-03  0.3420E-01  0.3420E-01
  0.6643E-01  0.3341E-01  0.4231E-03  0.3402E-01  0.3402E-01
  0.6700E-01  0.3463E-01  0.3958E-03  0.3384E-01  0.3384E-01
  0.6758E-01  0.3340E-01  0.4174E-03  0.3366E-01  0.3366E-01
  0.6816E-01  0.3418E-01  0.4080E-03  0.3348E-01  0.3348E-01
  0.6874E-01  0.3333E-01  0.4125E-03  0.3330E-01  0.3330E-01
  0.6931E-01  0.3411E-01  0.4062E-03  0.3312E-01  0.3312E-01
  0.6989E-01  0.3318E-01  0.3703E-03  0.3293E-01  0.3293E-01
  0.7047E-01  0.3310E-01  0.4037E-03  0.3275E-01  0.3275E-01
  0.7105E-01  0.3243E-01  0.3957E-03  0.3256E-01  0.3256E-01
  0.7162E-01  0.3241E-01  0.3915E-03  0.3238E-01  0.3238E-01
  0.7220E-01  0.3218E-01  0.4165E-03  0.3219E-01  0.3219E-01
  0.7278E-01  0.3233E-01  0.3918E-03  0.3201E-01  0.3201E-01
  0.7336E-01  0.3220E-01  0.4226E-03  0.3182E-01  0.3182E-01
  0.7393E-01  0.3168E-01  0.3953E-03  0.3164E-01  0.3164E-01
  0.7451E-01  0.3198E-01  0.4073E-03  0.3145E-01  0.3145E-01
  0.7509E-01  0.3191E-01  0.4011E-03  0.3126E-01  0.3126E-01
  0.7567E-01  0.3156E-01  0.4086E-03  0.3107E-01  0.3107E-01
  0.7624E-01  0.3150E-01  0.4117E-03  0.3088E-01  0.3088E-01
  0.7682E-01  0.3134E-01  0.3823E-03  0.3070E-01  0.3070E-01
  0.7740E-01  0.3073E-01  0.4189E-03  0.3051E-01  0.3051E-01
  0.7798E-01  0.3064E-01  0.3945E-03  0.3032E-01  0.3032E-01
  0.7855E-01  0.2947E-01  0.4049E-03  0.3013E-01  0.3013E-01
  0.7913E-01  0.3070E-01  0.4059E-03  0.2994E-01  0.2994E-01
  0.7971E-01  0.2976E-01  0.3926E-03  0.2975E-01  0.2975E-01
  0.8029E-01  0.2994E-01  0.4030E-03  0.2956E-01  0.2956E-01
  0.8086E-01  0.3006E-01  0.4103E-03  0.2937E-01  0.2937E-01
  0.8144E-01  0.3000E-01  0.4006E-03  0.2917E-01  0.2917E-01
  0.8202E-01  0.2977E-01  0.4087E-03  0.2898E-01  0.2898E-01
  0.8260E-01  0.2871E-01  0.4116E-03  0.2879E-01  0.2879E-01
  0.8317E-01  0.2898E-01  0.4127E-03  0.2860E-01  0.2860E-01
  0.8375E-01  0.2849E-01  0.3958E-03  0.2841E-01  0.2841E-01
  0.8433E-01  0.2837E-01  0.3982E-03  0.2822E-01  0.2822E-01
  0.8491E-01  0.2803E-01  0.4061E-03  0.2802E-01  0.2802E-01
  0.8548E-01  0.2770E-01  0.3952E-03  0.2783E-01  0.2783E-01
  0.8606E-01  0.2801E-01  0.4095E-03  0.2764E-01  0.2764E-01
  0.8664E-01  0.2724E-01  0.4057E-03  0.2745E-01  0.2745E-01
  0.8722E-01  0.2786E-01  0.3970E-03  0.2726E-01  0.2726E-01
  0.8779E-01  0.2739E-01  0.4162E-03  0.2706E-01  0.2706E-01
  0.8837E-01  0.2685E-01  0.4005E-03  0.2687E-01  0.2687E-01
  0.8895E-01  0.2707E-01  0.3945E-03  0.2668E-01  0.2668E-01
  0.8953E-01  0.2690E-01  0.4027E-03  0.2649E-01  0.2649E-01
  0.9010E-01  0.2628E-01  0.4091E-03  0.2629E-01  0.2629E-01
  0.9068E-01  0.2695E-01  0.4059E-03  0.2610E-01  0.2610E-01
  0.9126E-01  0.2668E-01  0.4026E-03  0.2591E-01  0.2591E-01
  0.9184E-01  0.2641E-01  0.3971E-03  0.2572E-01  0.2572E-01
  0.9241E-01  0.2627E-01  0.4012E-03  0.2553E-01  0.2553E-01
  0.9299E-01  0.2491E-01  0.3994E-03  0.2533E-01  0.2533E-01
  0.9357E-01  0.2563E-01  0.4012E-03  0.2514E-01  0.2514E-01
  0.9415E-01  0.2442E-01  0.4052E-03  0.2495E-01  0.2495E-01
  0.9472E-01  0.2494E-01  0.4022E-03  0.2476E-01  0.2476E-01
  0.9530E-01  0.2489E-01  0.4083E-03  0.2457E-01  0.2457E-01
  0.9588E-01  0.2421E-01  0.4044E-03  0.2438E-01  0.2438E-01
  0.9645E-01  0.2496E-01  0.4067E-03  0.2419E-01  0.2419E-01
  0.9703E-01  0.2453E-01  0.4017E-03  0.2400E-01  0.2400E-01
  0.9761E-01  0.2374E-01  0.4003E-03  0.2381E-01  0.2381E-01
  0.9819E-01  0.2343E-01  0.4155E-03  0.2362E-01  0.2362E-01
  0.9876E-01  0.2339E-01  0.3989E-03  0.2343E-01  0.2343E-01
  0.9934E-01  0.2341E-01  0.3918E-03  0.2324E-01  0.2324E-01
  0.9992E-01  0.2281E-01  0.3981E-03  0.2305E-01  0.2305E-01
  0.1005E+00  0.2325E-01  0.4022E-03  0.2286E-01  0.2286E-01
  0.1011E+00  0.2249E-01  0.4069E-03  0.2267E-01  0.2267E-01
  0.1017E+00  0.2248E-01  0.4033E-03  0.2249E-01  0.2249E-01
  0.1022E+00  0.2250E-01  0.4037E-03  0.2230E-01  0.2230E-01
  0.1028E+00  0.2241E-01  0.3977E-03  0.2211E-01  0.2211E-01
  0.1034E+00  0.2230E-01  0.3967E-03  0.2192E-01  0.2192E-01
  0.1040E+00  0.2091E-01  0.4033E-03  0.2174E-01  0.2174E-01
  0.1045E+00  0.2167E-01  0.3909E-03  0.2155E-01  0.2155E-01
  0.1051E+00  0.2125E-01  0.3691E-03  0.2137E-01  0.2137E-01
  0.1057E+00  0.2074E-01  0.3593E-03  0.2118E-01  0.2118E-01
  0.1063E+00  0.2112E-01  0.3718E-03  0.2100E-01  0.2100E-01
  0.1068E+00  0.2129E-01  0.3787E-03  0.2081E-01  0.2081E-01
  0.1074E+00  0.2087E-01  0.3866E-03  0.2063E-01  0.2063E-01
  0.1080E+00  0.1984E-01  0.3980E-03  0.2045E-01  0.2045E-01
  0.1086E+00  0.2028E-01  0.3752E-03  0.2027E-01  0.2027E-01
  0.1092E+00  0.2039E-01  0.3799E-03  0.2008E-01  0.2008E-01
  0.1097E+00  0.1975E-01  0.3900E-03  0.1990E-01  0.1990E-01
  0.1103E+00  0.1999E-01  0.3925E-03  0.1972E-01  0.1972E-01
  0.1109E+00  0.1969E-01  0.3896E-03  0.1954E-01  0.1954E-01
  0.1115E+00  0.1957E-01  0.3876E-03  0.1936E-01  0.1936E-01
  0.1120E+00  0.1913E-01  0.3877E-03  0.1918E-01  0.1918E-01
  0.1126E+00  0.1895E-01  0.3892E-03  0.1901E-01  0.1901E-01
  0.1132E+00  0.1860E-01  0.3828E-03  0.1883E-01  0.1883E-01
  0.1138E+00  0.1832E-01  0.3809E-03  0.1865E-01  0.1865E-01
  0.1144E+00  0.1848E-01  0.3890E-03  0.1848E-01  0.1848E-01
  0.1149E+00  0.1880E-01  0.3948E-03  0.1830E-01  0.1830E-01
  0.1155E+00  0.1797E-01  0.3874E-03  0.1813E-01  0.1813E-01
  0.1161E+00  0.1796E-01  0.3769E-03  0.1795E-01  0.1795E-01
  0.1167E+00  0.1730E-01  0.3866E-03  0.1778E-01  0.1778E-01
  0.1172E+00  0.1727E-01  0.3891E-03  0.1761E-01  0.1761E-01
  0.1178E+00  0.1737E-01  0.3933E-03  0.1743E-01  0.1743E-01
  0.1184E+00  0.1698E-01  0.3797E-03  0.1726E-01  0.1726E-01
  0.1190E+00  0.1762E-01  0.3904E-03  0.1709E-01  0.1709E-01
  0.1195E+00  0.1770E-01  0.3833E-03  0.1692E-01  0.1692E-01
  0.1201E+00  0.1663E-01  0.3900E-03  0.1675E-01  0.1675E-01
  0.1207E+00  0.1707E-01  0.3862E-03  0.1659E-01  0.1659E-01
  0.1213E+00  0.1703E-01  0.3877E-03  0.1642E-01  0.1642E-01
  0.1219E+00  0.1562E-01  0.3872E-03  0.1625E-01  0.1625E-01
  0.1224E+00  0.1630E-01  0.3755E-03  0.1609E-01  0.1609E-01
  0.1230E+00  0.1663E-01  0.3747E-03  0.1592E-01  0.1592E-01
  0.1236E+00  0.1581E-01  0.3832E-03  0.1576E-01  0.1576E-01
  0.1242E+00  0.1528E-01  0.3865E-03  0.1559E-01  0.1559E-01
  0.1247E+00  0.1532E-01  0.3897E-03  0.1543E-01  0.1543E-01
  0.1253E+00  0.1507E-01  0.3815E-03  0.1527E-01  0.1527E-01
  0.1259E+00  0.1520E-01  0.3803E-03  0.1511E-01  0.1511E-01
  0.1265E+00  0.1478E-01  0.3763E-03  0.1495E-01  0.1495E-01
  0.1271E+00  0.1545E-01  0.3790E-03  0.1479E-01  0.1479E-01
  0.1276E+00  0.1444E-01  0.3822E-03  0.1463E-01  0.1463E-01
  0.1282E+00  0.1458E-01  0.3798E-03  0.1447E-01  0.1447E-01
  0.1288E+00  0.1445E-01  0.3791E-03  0.1432E-01  0.1432E-01
  0.1294E+00  0.1415E-01  0.3872E-03  0.1416E-01  0.1416E-01
  0.1299E+00  0.1380E-01  0.3745E-03  0.1401E-01  0.1401E-01
  0.1305E+00  0.1358E-01  0.3834E-03  0.1386E-01  0.1386E-01
  0.1311E+00  0.1359E-01  0.3774E-03  0.1370E-01  0.1370E-01
  0.1317E+00  0.1290E-01  0.3848E-03  0.1355E-01  0.1355E-01
  0.1322E+00  0.1365E-01  0.3758E-03  0.1340E-01  0.1340E-01
  0.1328E+00  0.1356E-01  0.3843E-03  0.1325E-01  0.1325E-01
  0.1334E+00  0.1274E-01  0.3754E-03  0.1310E-01  0.1310E-01
  0.1340E+00  0.1307E-01  0.3753E-03  0.1295E-01  0.1295E-01
  0.1346E+00  0.1277E-01  0.3742E-03  0.1281E-01  0.1281E-01
  0.1351E+00  0.1321E-01  0.3730E-03  0.1266E-01  0.1266E-01
  0.1357E+00  0.1229E-01  0.3891E-03  0.1252E-01  0.1252E-01
  0.1363E+00  0.1329E-01  0.3724E-03  0.1237E-01  0.1237E-01
  0.1369E+00  0.1158E-01  0.3805E-03  0.1223E-01  0.1223E-01
  0.1374E+00  0.1232E-01  0.3764E-03  0.1209E-01  0.1209E-01
  0.1380E+00  0.1121E-01  0.3871E-03  0.1195E-01  0.1195E-01
  0.1386E+00  0.1126E-01  0.3721E-03  0.1181E-01  0.1181E-01
  0.1392E+00  0.1193E-01  0.3736E-03  0.1167E-01  0.1167E-01
  0.1398E+00  0.1049E-01  0.3576E-03  0.1153E-01  0.1153E-01
  0.1403E+00  0.1150E-01  0.3448E-03  0.1139E-01  0.1139E-01
  0.1409E+00  0.1121E-01  0.3371E-03  0.1126E-01  0.1126E-01
  0.1415E+00  0.1088E-01  0.3519E-03  0.1112E-01  0.1112E-01
  0.1421E+00  0.1111E-01  0.3545E-03  0.1099E-01  0.1099E-01
  0.1426E+00  0.1005E-01  0.3643E-03  0.1085E-01  0.1085E-01
  0.1432E+00  0.9959E-02  0.3641E-03  0.1072E-01  0.1072E-01
  0.1438E+00  0.1108E-01  0.3600E-03  0.1059E-01  0.1059E-01
  0.1444E+00  0.1049E-01  0.3478E-03  0.1046E-01  0.1046E-01
  0.1449E+00  0.1051E-01  0.3586E-03  0.1033E-01  0.1033E-01
  0.1455E+00  0.9771E-02  0.3622E-03  0.1020E-01  0.1020E-01
  0.1461E+00  0.9711E-02  0.3646E-03  0.1008E-01  0.1008E-01
  0.1467E+00  0.9796E-02  0.3461E-03  0.9951E-02  0.9951E-02
  0.1473E+00  0.9697E-02  0.3550E-03  0.9827E-02  0.9827E-02
  0.1478E+00  0.9303E-02  0.3539E-03  0.9703E-02  0.9703E-02
  0.1484E+00  0.9663E-02  0.3597E-03  0.9580E-02  0.9580E-02
  0.1490E+00  0.9287E-02  0.3576E-03  0.9459E-02  0.9459E-02
  0.1496E+00  0.9322E-02  0.3526E-03  0.9338E-02  0.9338E-02
  0.1501E+00  0.9558E-02  0.3546E-03  0.9219E-02  0.9219E-02
  0.1507E+00  0.8278E-02  0.3682E-03  0.9100E-02  0.9100E-02
  0.1513E+00  0.8486E-02  0.3551E-03  0.8983E-02  0.8983E-02
  0.1519E+00  0.9126E-02  0.3602E-03  0.8867E-02  0.8867E-02
  0.1524E+00  0.8394E-02  0.3706E-03  0.8751E-02  0.8751E-02
  0.1530E+00  0.8700E-02  0.3613E-03  0.8637E-02  0.8637E-02
  0.1536E+00  0.8405E-02  0.3630E-03  0.8524E-02  0.8524E-02
  0.1542E+00  0.8419E-02  0.3609E-03  0.8412E-02  0.8412E-02
  0.1548E+00  0.8571E-02  0.3602E-03  0.8301E-02  0.8301E-02
  0.1553E+00  0.7790E-02  0.3581E-03  0.8191E-02  0.8191E-02
  0.1559E+00  0.8820E-02  0.3619E-03  0.8082E-02  0.8082E-02
  0.1565E+00  0.7919E-02  0.3589E-03  0.7974E-02  0.7974E-02
  0.1571E+00  0.7620E-02  0.3668E-03  0.7867E-02  0.7867E-02
  0.1576E+00  0.7426E-02  0.3547E-03  0.7761E-02  0.7761E-02
  0.1582E+00  0.7543E-02  0.3514E-03  0.7656E-02  0.7656E-02
  0.1588E+00  0.7505E-02  0.3534E-03  0.7552E-02  0.7552E-02
  0.1594E+00  0.7359E-02  0.3584E-03  0.7449E-02  0.7449E-02
  0.1599E+00  0.7094E-02  0.3625E-03  0.7348E-02  0.7348E-02
  0.1605E+00  0.7488E-02  0.3652E-03  0.7247E-02  0.7247E-02
  0.1611E+00  0.6778E-02  0.3602E-03  0.7147E-02  0.7147E-02
  0.1617E+00  0.6876E-02  0.3578E-03  0.7049E-02  0.7049E-02
  0.1623E+00  0.6811E-02  0.3558E-03  0.6951E-02  0.6951E-02
  0.1628E+00  0.7192E-02  0.3485E-03  0.6855E-02  0.6855E-02
  0.1634E+00  0.6375E-02  0.3569E-03  0.6759E-02  0.6759E-02
  0.1640E+00  0.6706E-02  0.3557E-03  0.6665E-02  0.6665E-02
  0.1646E+00  0.6005E-02  0.3575E-03  0.6571E-02  0.6571E-02
  0.1651E+00  0.6836E-02  0.3599E-03  0.6479E-02  0.6479E-02
  0.1657E+00  0.6580E-02  0.3541E-03  0.6387E-02  0.6387E-02
  0.1663E+00  0.6561E-02  0.3578E-03  0.6297E-02  0.6297E-02
  0.1669E+00  0.6317E-02  0.3493E-03  0.6208E-02  0.6208E-02
  0.1675E+00  0.5972E-02  0.3484E-03  0.6119E-02  0.6119E-02
  0.1680E+00  0.6129E-02  0.3651E-03  0.6032E-02  0.6032E-02
  0.1686E+00  0.5993E-02  0.3627E-03  0.5945E-02  0.5945E-02
  0.1692E+00  0.5937E-02  0.3497E-03  0.5860E-02  0.5860E-02
  0.1698E+00  0.5364E-02  0.3615E-03  0.5776E-02  0.5776E-02
  0.1703E+00  0.4587E-02  0.3533E-03  0.5692E-02  0.5692E-02
  0.1709E+00  0.5510E-02  0.3569E-03  0.5610E-02  0.5610E-02
  0.1715E+00  0.5026E-02  0.3474E-03  0.5528E-02  0.5528E-02
  0.1721E+00  0.5285E-02  0.3599E-03  0.5448E-02  0.5448E-02
  0.1726E+00  0.5520E-02  0.3478E-03  0.5368E-02  0.5368E-02
  0.1732E+00  0.5638E-02  0.3501E-03  0.5290E-02  0.5290E-02
  0.1738E+00  0.4967E-02  0.3499E-03  0.5212E-02  0.5212E-02
  0.1744E+00  0.5017E-02  0.3415E-03  0.5136E-02  0.5136E-02
  0.1749E+00  0.5503E-02  0.3348E-03  0.5060E-02  0.5060E-02
  0.1755E+00  0.5341E-02  0.3203E-03  0.4985E-02  0.4985E-02
  0.1761E+00  0.4747E-02  0.3257E-03  0.4911E-02  0.4911E-02
  0.1767E+00  0.5155E-02  0.3341E-03  0.4839E-02  0.4839E-02
  0.1773E+00  0.4857E-02  0.3305E-03  0.4767E-02  0.4767E-02
  0.1778E+00  0.4700E-02  0.3430E-03  0.4696E-02  0.4696E-02
  0.1784E+00  0.4654E-02  0.3375E-03  0.4626E-02  0.4626E-02
  0.1790E+00  0.4231E-02  0.3421E-03  0.4557E-02  0.4557E-02
  0.1796E+00  0.4184E-02  0.3357E-03  0.4488E-02  0.4488E-02
  0.1801E+00  0.4237E-02  0.3393E-03  0.4421E-02  0.4421E-02
  0.1807E+00  0.4089E-02  0.3434E-03  0.4355E-02  0.4355E-02
  0.1813E+00  0.4459E-02  0.3380E-03  0.4289E-02  0.4289E-02
  0.1819E+00  0.4554E-02  0.3394E-03  0.4225E-02  0.4225E-02
  0.1824E+00  0.4769E-02  0.3345E-03  0.4161E-02  0.4161E-02
  0.1830E+00  0.4155E-02  0.3398E-03  0.4098E-02  0.4098E-02
  0.1836E+00  0.3974E-02  0.3408E-03  0.4036E-02  0.4036E-02
  0.1842E+00  0.3914E-02  0.3513E-03  0.3975E-02  0.3975E-02
  0.1848E+00  0.3752E-02  0.3472E-03  0.3915E-02  0.3915E-02
  0.1853E+00  0.4039E-02  0.3403E-03  0.3856E-02  0.3856E-02
  0.1859E+00  0.3982E-02  0.3467E-03  0.3797E-02  0.3797E-02
  0.1865E+00  0.4019E-02  0.3494E-03  0.3739E-02  0.3739E-02
  0.1871E+00  0.3472E-02  0.3434E-03  0.3683E-02  0.3683E-02
  0.1876E+00  0.3530E-02  0.3504E-03  0.3627E-02  0.3627E-02
  0.1882E+00  0.3501E-02  0.3439E-03  0.3572E-02  0.3572E-02
  0.1888E+00  0.3968E-02  0.3443E-03  0.3517E-02  0.3517E-02
  0.1894E+00  0.3434E-02  0.3492E-03  0.3464E-02  0.3464E-02
  0.1899E+00  0.3364E-02  0.3460E-03  0.3411E-02  0.3411E-02
  0.1905E+00  0.3498E-02  0.3403E-03  0.3359E-02  0.3359E-02
  0.1911E+00  0.3005E-02  0.3453E-03  0.3308E-02  0.3308E-02
  0.1917E+00  0.2811E-02  0.3446E-03  0.3258E-02  0.3258E-02
  0.1923E+00  0.3074E-02  0.3382E-03  0.3208E-02  0.3208E-02
  0.1928E+00  0.2955E-02  0.3402E-03  0.3159E-02  0.3159E-02
  0.1934E+00  0.3242E-02  0.3491E-03  0.3111E-02  0.3111E-02
  0.1940E+00  0.2753E-02  0.3461E-03  0.3064E-02  0.3064E-02
  0.1946E+00  0.3306E-02  0.3420E-03  0.3018E-02  0.3018E-02
  0.1951E+00  0.3135E-02  0.3487E-03  0.2972E-02  0.2972E-02
  0.1957E+00  0.2954E-02  0.3352E-03  0.2927E-02  0.2927E-02
  0.1963E+00  0.3091E-02  0.3417E-03  0.2883E-02  0.2883E-02
  0.1969E+00  0.2847E-02  0.3404E-03  0.2839E-02  0.2839E-02
  0.1974E+00  0.2785E-02  0.3482E-03  0.2796E-02  0.2796E-02
  0.1980E+00  0.2964E-02  0.3477E-03  0.2754E-02  0.2754E-02
  0.1986E+00  0.2625E-02  0.3421E-03  0.2713E-02  0.2713E-02
  0.1992E+00  0.2576E-02  0.3478E-03  0.2672E-02  0.2672E-02
  0.1998E+00  0.2751E-02  0.3469E-03  0.2632E-02  0.2632E-02
  0.2003E+00  0.1986E-02  0.3338E-03  0.2593E-02  0.2593E-02
  0.2009E+00  0.2443E-02  0.3457E-03  0.2554E-02  0.2554E-02
  0.2015E+00  0.2981E-02  0.3457E-03  0.2516E-02  0.2516E-02
  0.2021E+00  0.2527E-02  0.3415E-03  0.2479E-02  0.2479E-02
  0.2026E+00  0.1939E-02  0.3496E-03  0.2442E-02  0.2442E-02
  0.2032E+00  0.2257E-02  0.3493E-03  0.2406E-02  0.2406E-02
  0.2038E+00  0.2823E-02  0.3446E-03  0.2371E-02  0.2371E-02
  0.2044E+00  0.2132E-02  0.3456E-03  0.2336E-02  0.2336E-02
  0.2049E+00  0.2279E-02  0.3468E-03  0.2302E-02  0.2302E-02
  0.2055E+00  0.2561E-02  0.3337E-03  0.2269E-02  0.2269E-02
  0.2061E+00  0.2092E-02  0.3397E-03  0.2236E-02  0.2236E-02
  0.2067E+00  0.1892E-02  0.3416E-03  0.2203E-02  0.2203E-02
  0.2072E+00  0.2111E-02  0.3461E-03  0.2172E-02  0.2172E-02
  0.2078E+00  0.1818E-02  0.3349E-03  0.2141E-02  0.2141E-02
  0.2084E+00  0.2498E-02  0.3518E-03  0.2110E-02  0.2110E-02
  0.2090E+00  0.1731E-02  0.3414E-03  0.2080E-02  0.2080E-02
  0.2096E+00  0.1893E-02  0.3385E-03  0.2051E-02  0.2051E-02
  0.2101E+00  0.1791E-02  0.3271E-03  0.2022E-02  0.2022E-02
  0.2107E+00  0.1990E-02  0.3131E-03  0.1994E-02  0.1994E-02
  0.2113E+00  0.1964E-02  0.3075E-03  0.1966E-02  0.1966E-02
  0.2119E+00  0.2608E-02  0.3136E-03  0.1939E-02  0.1939E-02
  0.2124E+00  0.2517E-02  0.3260E-03  0.1913E-02  0.1913E-02
  0.2130E+00  0.1132E-02  0.3197E-03  0.1887E-02  0.1887E-02
  0.2136E+00  0.1538E-02  0.3289E-03  0.1861E-02  0.1861E-02
  0.2142E+00  0.1994E-02  0.3254E-03  0.1836E-02  0.1836E-02
  0.2147E+00  0.2129E-02  0.3265E-03  0.1812E-02  0.1812E-02
  0.2153E+00  0.1962E-02  0.3183E-03  0.1788E-02  0.1788E-02
  0.2159E+00  0.1589E-02  0.3309E-03  0.1764E-02  0.1764E-02
  0.2165E+00  0.1740E-02  0.3309E-03  0.1741E-02  0.1741E-02
  0.2170E+00  0.1636E-02  0.3293E-03  0.1719E-02  0.1719E-02
  0.2176E+00  0.1775E-02  0.3400E-03  0.1696E-02  0.1696E-02
  0.2182E+00  0.1954E-02  0.3388E-03  0.1675E-02  0.1675E-02
  0.2188E+00  0.1697E-02  0.3413E-03  0.1654E-02  0.1654E-02
  0.2194E+00  0.1570E-02  0.3352E-03  0.1633E-02  0.1633E-02
  0.2199E+00  0.2052E-02  0.3419E-03  0.1613E-02  0.1613E-02
  0.2205E+00  0.9467E-03  0.3400E-03  0.1593E-02  0.1593E-02
  0.2211E+00  0.9945E-03  0.3390E-03  0.1574E-02  0.1574E-02
  0.2217E+00  0.1238E-02  0.3385E-03  0.1555E-02  0.1555E-02
  0.2222E+00  0.1391E-02  0.3431E-03  0.1536E-02  0.1536E-02
  0.2228E+00  0.1683E-02  0.3358E-03  0.1518E-02  0.1518E-02
  0.2234E+00  0.1180E-02  0.3438E-03  0.1500E-02  0.1500E-02
  0.2240E+00  0.2206E-02  0.3470E-03  0.1483E-02  0.1483E-02
  0.2245E+00  0.1053E-02  0.3417E-03  0.1466E-02  0.1466E-02
  0.2251E+00  0.1757E-02  0.3395E-03  0.1449E-02  0.1449E-02
  0.2257E+00  0.1845E-02  0.3356E-03  0.1433E-02  0.1433E-02
  0.2263E+00  0.1818E-02  0.3438E-03  0.1417E-02  0.1417E-02
  0.2268E+00  0.1093E-02  0.3420E-03  0.1402E-02  0.1402E-02
  0.2274E+00  0.1485E-02  0.3512E-03  0.1387E-02  0.1387E-02
  0.2280E+00  0.1687E-02  0.3260E-03  0.1372E-02  0.1372E-02
  0.2286E+00  0.1272E-02  0.3361E-03  0.1358E-02  0.1358E-02
  0.2292E+00  0.1223E-02  0.3388E-03  0.1344E-02  0.1344E-02
  0.2297E+00  0.1142E-02  0.3342E-03  0.1330E-02  0.1330E-02
  0.2303E+00  0.1563E-02  0.3399E-03  0.1317E-02  0.1317E-02
  0.2309E+00  0.1092E-02  0.3405E-03  0.1304E-02  0.1304E-02
  0.2315E+00  0.1635E-02  0.3323E-03  0.1291E-02  0.1291E-02
  0.2320E+00  0.1299E-02  0.3343E-03  0.1279E-02  0.1279E-02
  0.2326E+00  0.1458E-02  0.3410E-03  0.1266E-02  0.1266E-02
  0.2332E+00  0.7187E-03  0.3436E-03  0.1255E-02  0.1255E-02
  0.2338E+00  0.1707E-02  0.3365E-03  0.1243E-02  0.1243E-02
  0.2343E+00  0.1020E-02  0.3407E-03  0.1232E-02  0.1232E-02
  0.2349E+00  0.7116E-03  0.3403E-03  0.1221E-02  0.1221E-02
  0.2355E+00  0.8889E-03  0.3419E-03  0.1210E-02  0.1210E-02
  0.2361E+00  0.1519E-02  0.3360E-03  0.1200E-02  0.1200E-02
  0.2366E+00  0.1496E-02  0.3330E-03  0.1190E-02  0.1190E-02
  0.2372E+00  0.7445E-03  0.3429E-03  0.1180E-02  0.1180E-02
  0.2378E+00  0.1432E-02  0.3448E-03  0.1170E-02  0.1170E-02
  0.2384E+00  0.1051E-02  0.3356E-03  0.1161E-02  0.1161E-02
  0.2389E+00  0.6195E-03  0.3306E-03  0.1152E-02  0.1152E-02
  0.2395E+00  0.1253E-02  0.3332E-03  0.1143E-02  0.1143E-02
  0.2401E+00  0.1091E-02  0.3429E-03  0.1134E-02  0.1134E-02
  0.2407E+00  0.9435E-03  0.3347E-03  0.1126E-02  0.1126E-02
  0.2413E+00  0.1347E-02  0.3336E-03  0.1117E-02  0.1117E-02
  0.2418E+00  0.6974E-03  0.3402E-03  0.1109E-02  0.1109E-02
  0.2424E+00  0.7204E-03  0.3374E-03  0.1102E-02  0.1102E-02
  0.2430E+00  0.3569E-03  0.3355E-03  0.1094E-02  0.1094E-02
  0.2436E+00  0.7783E-03  0.3334E-03  0.1087E-02  0.1087E-02
  0.2441E+00  0.9828E-03  0.3285E-03  0.1079E-02  0.1079E-02
  0.2447E+00  0.1402E-02  0.3343E-03  0.1072E-02  0.1072E-02
  0.2453E+00  0.1099E-02  0.3219E-03  0.1066E-02  0.1066E-02
  0.2459E+00  0.6110E-03  0.3043E-03  0.1059E-02  0.1059E-02
  0.2464E+00  0.4908E-03  0.2989E-03  0.1052E-02  0.1052E-02
  0.2470E+00  0.1089E-02  0.3179E-03  0.1046E-02  0.1046E-02
  0.2476E+00  0.1376E-02  0.3185E-03  0.1040E-02  0.1040E-02
  0.2482E+00  0.1520E-02  0.3193E-03  0.1034E-02  0.1034E-02
  0.2487E+00  0.1313E-02  0.3202E-03  0.1028E-02  0.1028E-02
  0.2493E+00  0.1088E-02  0.3236E-03  0.1023E-02  0.1023E-02
  0.2499E+00  0.7012E-03  0.3288E-03  0.1017E-02  0.1017E-02
  0.2505E+00  0.8186E-03  0.3210E-03  0.1012E-02  0.1012E-02
  0.2510E+00  0.1244E-02  0.3297E-03  0.1007E-02  0.1007E-02
  0.2516E+00  0.1478E-02  0.3203E-03  0.1002E-02  0.1002E-02
  0.2522E+00  0.1204E-02  0.3312E-03  0.9967E-03  0.9967E-03
  0.2528E+00  0.3329E-03  0.3331E-03  0.9919E-03  0.9919E-03
  0.2533E+00  0.5888E-03  0.3386E-03  0.9872E-03  0.9872E-03
  0.2539E+00  0.7831E-03  0.3421E-03  0.9826E-03  0.9826E-03
  0.2545E+00  0.1089E-02  0.3386E-03  0.9782E-03  0.9782E-03
  0.2551E+00  0.7749E-03  0.3295E-03  0.9739E-03  0.9739E-03
  0.2557E+00  0.9396E-03  0.3362E-03  0.9697E-03  0.9697E-03
  0.2562E+00  0.1019E-02  0.3339E-03  0.9656E-03  0.9656E-03
  0.2568E+00  0.1502E-02  0.3323E-03  0.9616E-03  0.9616E-03
  0.2574E+00  0.1079E-02  0.3323E-03  0.9577E-03  0.9577E-03
  0.2580E+00  0.1310E-02  0.3333E-03  0.9539E-03  0.9539E-03
  0.2585E+00  0.8090E-03  0.3337E-03  0.9502E-03  0.9502E-03
  0.2591E+00  0.7189E-03  0.3389E-03  0.9466E-03  0.9466E-03
  0.2597E+00  0.7503E-03  0.3295E-03  0.9430E-03  0.9430E-03
  0.2603E+00  0.6347E-03  0.3467E-03  0.9396E-03  0.9396E-03
  0.2608E+00  0.1154E-02  0.3332E-03  0.9362E-03  0.9362E-03
  0.2614E+00  0.9578E-03  0.3360E-03  0.9330E-03  0.9330E-03
  0.2620E+00  0.6142E-03  0.3302E-03  0.9297E-03  0.9297E-03
  0.2626E+00  0.1363E-02  0.3350E-03  0.9266E-03  0.9266E-03
  0.2631E+00  0.5162E-03  0.3333E-03  0.9235E-03  0.9235E-03
  0.2637E+00  0.5269E-03  0.3277E-03  0.9205E-03  0.9205E-03
  0.2643E+00  0.2966E-03  0.3385E-03  0.9176E-03  0.9176E-03
  0.2649E+00  0.7004E-03  0.3340E-03  0.9147E-03  0.9147E-03
  0.2654E+00  0.1298E-02  0.3371E-03  0.9119E-03  0.9119E-03
  0.2660E+00  0.3281E-03  0.3373E-03  0.9091E-03  0.9091E-03
  0.2666E+00  0.4308E-03  0.3334E-03  0.9064E-03  0.9064E-03
  0.2672E+00  0.1101E-02  0.3349E-03  0.9037E-03  0.9037E-03
  0.2677E+00  0.2589E-03  0.3310E-03  0.9011E-03  0.9011E-03
  0.2683E+00  0.1377E-02  0.3379E-03  0.8985E-03  0.8985E-03
  0.2689E+00  0.7841E-03  0.3273E-03  0.8959E-03  0.8959E-03
  0.2695E+00  0.6406E-03  0.3320E-03  0.8934E-03  0.8934E-03
  0.2701E+00  0.8170E-03  0.3341E-03  0.8910E-03  0.8910E-03
  0.2706E+00  0.9485E-03  0.3377E-03  0.8885E-03  0.8885E-03
  0.2712E+00  0.8606E-03  0.3295E-03  0.8861E-03  0.8861E-03
  0.2718E+00  0.1011E-02  0.3421E-03  0.8838E-03  0.8838E-03
  0.2724E+00  0.1198E-02  0.3327E-03  0.8815E-03  0.8815E-03
  0.2729E+00  0.1016E-02  0.3333E-03  0.8791E-03  0.8791E-03
  0.2735E+00  0.2922E-03  0.3372E-03  0.8769E-03  0.8769E-03
  0.2741E+00  0.3994E-03  0.3310E-03  0.8746E-03  0.8746E-03
  0.2747E+00  0.1028E-02  0.3457E-03  0.8724E-03  0.8724E-03
  0.2752E+00  0.6060E-03  0.3332E-03  0.8701E-03  0.8701E-03
  0.2758E+00  0.7384E-03  0.3407E-03  0.8679E-03  0.8679E-03
  0.2764E+00  0.6883E-03  0.3319E-03  0.8658E-03  0.8658E-03
  0.2770E+00  0.9998E-03  0.3328E-03  0.8636E-03  0.8636E-03
  0.2775E+00  0.8683E-03  0.3318E-03  0.8614E-03  0.8614E-03
  0.2781E+00  0.6266E-03  0.3349E-03  0.8593E-03  0.8593E-03
  0.2787E+00  0.1041E-02  0.3335E-03  0.8572E-03  0.8572E-03
  0.2793E+00  0.1317E-02  0.3276E-03  0.8550E-03  0.8550E-03

           Distance distribution  function of particle


       R          P(R)      ERROR

  0.0000E+00  0.0000E+00  0.0000E+00
  0.4000E+00  0.2189E-05  0.1014E-06
  0.8000E+00  0.4665E-05  0.1887E-06
  0.1200E+01  0.7424E-05  0.2621E-06
  0.1600E+01  0.1046E-04  0.3218E-06
  0.2000E+01  0.1377E-04  0.3684E-06
  0.2400E+01  0.1735E-04  0.4022E-06
  0.2800E+01  0.2118E-04  0.4239E-06
  0.3200E+01  0.2526E-04  0.4343E-06
  0.3600E+01  0.2957E-04  0.4342E-06
  0.4000E+01  0.3409E-04  0.4246E-06
  0.4400E+01  0.3882E-04  0.4067E-06
  0.4800E+01  0.4374E-04  0.3817E-06
  0.5200E+01  0.4882E-04  0.3512E-06
  0.5600E+01  0.5405E-04  0.3174E-06
  0.6000E+01  0.5941E-04  0.2827E-06
  0.6400E+01  0.6487E-04  0.2510E-06
  0.6800E+01  0.7043E-04  0.2271E-06
  0.7200E+01  0.7605E-04  0.2166E-06
  0.7600E+01  0.8171E-04  0.2232E-06
  0.8000E+01  0.8739E-04  0.2462E-06
  0.8400E+01  0.9306E-04  0.2813E-06
  0.8800E+01  0.9871E-04  0.3235E-06
  0.9200E+01  0.1043E-03  0.3689E-06
  0.9600E+01  0.1098E-03  0.4149E-06
  0.1000E+02  0.1153E-03  0.4594E-06
  0.1040E+02  0.1206E-03  0.5010E-06
  0.1080E+02  0.1258E-03  0.5387E-06
  0.1120E+02  0.1308E-03  0.5716E-06
  0.1160E+02  0.1356E-03  0.5992E-06
  0.1200E+02  0.1403E-03  0.6209E-06
  0.1240E+02  0.1447E-03  0.6365E-06
  0.1280E+02  0.1489E-03  0.6459E-06
  0.1320E+02  0.1528E-03  0.6491E-06
  0.1360E+02  0.1565E-03  0.6461E-06
  0.1400E+02  0.1599E-03  0.6373E-06
  0.1440E+02  0.1630E-03  0.6230E-06
  0.1480E+02  0.1658E-03  0.6040E-06
  0.1520E+02  0.1683E-03  0.5809E-06
  0.1560E+02  0.1705E-03  0.5548E-06
  0.1600E+02  0.1724E-03  0.5269E-06
  0.1640E+02  0.1739E-03  0.4989E-06
  0.1680E+02  0.1751E-03  0.4724E-06
  0.1720E+02  0.1760E-03  0.4496E-06
  0.1760E+02  0.1765E-03  0.4328E-06
  0.1800E+02  0.1767E-03  0.4238E-06
  0.1840E+02  0.1766E-03  0.4243E-06
  0.1880E+02  0.1761E-03  0.4345E-06
  0.1920E+02  0.1753E-03  0.4538E-06
  0.1960E+02  0.1742E-03  0.4808E-06
  0.2000E+02  0.1728E-03  0.5134E-06
  0.2040E+02  0.1711E-03  0.5496E-06
  0.2080E+02  0.1691E-03  0.5876E-06
  0.2120E+02  0.1668E-03  0.6258E-06
  0.2160E+02  0.1642E-03  0.6626E-06
  0.2200E+02  0.1614E-03  0.6972E-06
  0.2240E+02  0.1583E-03  0.7283E-06
  0.2280E+02  0.1550E-03  0.7555E-06
  0.2320E+02  0.1515E-03  0.7779E-06
  0.2360E+02  0.1478E-03  0.7952E-06
  0.2400E+02  0.1439E-03  0.8071E-06
  0.2440E+02  0.1398E-03  0.8133E-06
  0.2480E+02  0.1355E-03  0.8139E-06
  0.2520E+02  0.1311E-03  0.8088E-06
  0.2560E+02  0.1266E-03  0.7983E-06
  0.2600E+02  0.1220E-03  0.7828E-06
  0.2640E+02  0.1172E-03  0.7627E-06
  0.2680E+02  0.1124E-03  0.7387E-06
  0.2720E+02  0.1076E-03  0.7117E-06
  0.2760E+02  0.1027E-03  0.6827E-06
  0.2800E+02  0.9771E-04  0.6530E-06
  0.2840E+02  0.9275E-04  0.6243E-06
  0.2880E+02  0.8779E-04  0.5983E-06
  0.2920E+02  0.8284E-04  0.5769E-06
  0.2960E+02  0.7792E-04  0.5623E-06
  0.3000E+02  0.7304E-04  0.5560E-06
  0.3040E+02  0.6821E-04  0.5592E-06
  0.3080E+02  0.6346E-04  0.5723E-06
  0.3120E+02  0.5879E-04  0.5945E-06
  0.3160E+02  0.5421E-04  0.6246E-06
  0.3200E+02  0.4974E-04  0.6607E-06
  0.3240E+02  0.4539E-04  0.7009E-06
  0.3280E+02  0.4118E-04  0.7431E-06
  0.3320E+02  0.3711E-04  0.7854E-06
  0.3360E+02  0.3319E-04  0.8261E-06
  0.3400E+02  0.2944E-04  0.8634E-06
  0.3440E+02  0.2586E-04  0.8957E-06
  0.3480E+02  0.2247E-04  0.9216E-06
  0.3520E+02  0.1928E-04  0.9396E-06
  0.3560E+02  0.1630E-04  0.9483E-06
  0.3600E+02  0.1353E-04  0.9462E-06
  0.3640E+02  0.1100E-04  0.9318E-06
  0.3680E+02  0.8694E-05  0.9038E-06
  0.3720E+02  0.6640E-05  0.8606E-06
  0.3760E+02  0.4844E-05  0.8007E-06
  0.3800E+02  0.3313E-05  0.7225E-06
  0.3840E+02  0.2059E-05  0.6245E-06
  0.3880E+02  0.1091E-05  0.5049E-06
  0.3920E+02  0.4185E-06  0.3621E-06
  0.3960E+02  0.5158E-07  0.1944E-06
  0.4000E+02  0.0000E+00  0.0000E+00
          Reciprocal space: Rg =   14.18     , I(0) =   0.4591E-01
     Real space: Rg =   14.18 +- 0.024  I(0) =   0.4591E-01 +-  0.6230E-04
